<?xml version="1.0" encoding="UTF-8"?>
<coverage generated="1776927941807" clover="3.2.0">
  <project timestamp="1776927941807" name="All files">
    <metrics statements="441" coveredstatements="305" conditionals="234" coveredconditionals="134" methods="25" coveredmethods="17" elements="700" coveredelements="456" complexity="0" loc="441" ncloc="441" packages="1" files="1" classes="1"/>
    <file name="server.js" path="C:\Users\rober\Desktop\UNIMEDIA_WEBSITE\server.js">
      <metrics statements="441" coveredstatements="305" conditionals="234" coveredconditionals="134" methods="25" coveredmethods="17"/>
      <line num="1" count="3" type="stmt"/>
      <line num="2" count="3" type="stmt"/>
      <line num="3" count="3" type="stmt"/>
      <line num="4" count="3" type="stmt"/>
      <line num="5" count="3" type="stmt"/>
      <line num="6" count="3" type="stmt"/>
      <line num="7" count="3" type="stmt"/>
      <line num="8" count="3" type="stmt"/>
      <line num="9" count="3" type="stmt"/>
      <line num="10" count="3" type="stmt"/>
      <line num="11" count="3" type="stmt"/>
      <line num="13" count="3" type="stmt"/>
      <line num="14" count="3" type="cond" truecount="1" falsecount="1"/>
      <line num="20" count="1" type="stmt"/>
      <line num="21" count="1" type="stmt"/>
      <line num="22" count="1" type="stmt"/>
      <line num="23" count="1" type="stmt"/>
      <line num="26" count="1" type="cond" truecount="2" falsecount="0"/>
      <line num="27" count="1" type="stmt"/>
      <line num="30" count="0" type="stmt"/>
      <line num="33" count="0" type="cond" truecount="0" falsecount="2"/>
      <line num="35" count="0" type="stmt"/>
      <line num="41" count="0" type="stmt"/>
      <line num="42" count="0" type="stmt"/>
      <line num="44" count="1" type="stmt"/>
      <line num="46" count="1" type="stmt"/>
      <line num="53" count="3" type="stmt"/>
      <line num="63" count="3" type="stmt"/>
      <line num="65" count="214" type="cond" truecount="1" falsecount="1"/>
      <line num="67" count="214" type="stmt"/>
      <line num="68" count="0" type="cond" truecount="0" falsecount="2"/>
      <line num="70" count="0" type="stmt"/>
      <line num="71" count="0" type="cond" truecount="0" falsecount="2"/>
      <line num="73" count="0" type="stmt"/>
      <line num="75" count="0" type="stmt"/>
      <line num="76" count="0" type="stmt"/>
      <line num="86" count="3" type="stmt"/>
      <line num="89" count="3" type="stmt"/>
      <line num="90" count="3" type="stmt"/>
      <line num="91" count="3" type="stmt"/>
      <line num="94" count="3" type="stmt"/>
      <line num="96" count="0" type="cond" truecount="0" falsecount="2"/>
      <line num="97" count="0" type="stmt"/>
      <line num="103" count="3" type="stmt"/>
      <line num="104" count="15" type="stmt"/>
      <line num="110" count="3" type="stmt"/>
      <line num="111" count="25" type="stmt"/>
      <line num="113" count="25" type="stmt"/>
      <line num="114" count="25" type="stmt"/>
      <line num="116" count="25" type="cond" truecount="2" falsecount="0"/>
      <line num="117" count="3" type="stmt"/>
      <line num="123" count="22" type="cond" truecount="2" falsecount="0"/>
      <line num="124" count="3" type="stmt"/>
      <line num="130" count="19" type="cond" truecount="2" falsecount="0"/>
      <line num="131" count="5" type="stmt"/>
      <line num="138" count="14" type="stmt"/>
      <line num="139" count="14" type="stmt"/>
      <line num="141" count="14" type="stmt"/>
      <line num="145" count="14" type="stmt"/>
      <line num="146" count="14" type="stmt"/>
      <line num="149" count="14" type="stmt"/>
      <line num="157" count="5" type="cond" truecount="2" falsecount="0"/>
      <line num="158" count="3" type="stmt"/>
      <line num="159" count="3" type="stmt"/>
      <line num="160" count="3" type="stmt"/>
      <line num="166" count="2" type="stmt"/>
      <line num="167" count="2" type="cond" truecount="2" falsecount="0"/>
      <line num="169" count="2" type="stmt"/>
      <line num="176" count="9" type="stmt"/>
      <line num="177" count="9" type="stmt"/>
      <line num="187" count="3" type="stmt"/>
      <line num="188" count="77" type="stmt"/>
      <line num="190" count="77" type="stmt"/>
      <line num="191" count="77" type="cond" truecount="1" falsecount="0"/>
      <line num="193" count="77" type="cond" truecount="2" falsecount="0"/>
      <line num="194" count="6" type="stmt"/>
      <line num="201" count="71" type="cond" truecount="2" falsecount="0"/>
      <line num="202" count="3" type="stmt"/>
      <line num="210" count="68" type="stmt"/>
      <line num="233" count="53" type="cond" truecount="2" falsecount="0"/>
      <line num="234" count="2" type="stmt"/>
      <line num="235" count="2" type="stmt"/>
      <line num="236" count="2" type="stmt"/>
      <line num="243" count="51" type="stmt"/>
      <line num="244" count="50" type="cond" truecount="1" falsecount="1"/>
      <line num="246" count="50" type="stmt"/>
      <line num="253" count="16" type="stmt"/>
      <line num="254" count="16" type="stmt"/>
      <line num="265" count="3" type="stmt"/>
      <line num="266" count="27" type="stmt"/>
      <line num="267" count="27" type="stmt"/>
      <line num="268" count="27" type="cond" truecount="2" falsecount="0"/>
      <line num="270" count="27" type="stmt"/>
      <line num="271" count="27" type="stmt"/>
      <line num="272" count="27" type="stmt"/>
      <line num="273" count="27" type="stmt"/>
      <line num="274" count="27" type="stmt"/>
      <line num="275" count="27" type="stmt"/>
      <line num="276" count="27" type="stmt"/>
      <line num="277" count="27" type="stmt"/>
      <line num="278" count="27" type="stmt"/>
      <line num="279" count="27" type="stmt"/>
      <line num="280" count="27" type="cond" truecount="2" falsecount="0"/>
      <line num="281" count="27" type="stmt"/>
      <line num="282" count="27" type="stmt"/>
      <line num="283" count="27" type="stmt"/>
      <line num="284" count="27" type="cond" truecount="2" falsecount="0"/>
      <line num="285" count="27" type="cond" truecount="2" falsecount="0"/>
      <line num="286" count="27" type="cond" truecount="2" falsecount="0"/>
      <line num="287" count="27" type="cond" truecount="2" falsecount="0"/>
      <line num="288" count="27" type="stmt"/>
      <line num="289" count="27" type="stmt"/>
      <line num="290" count="27" type="stmt"/>
      <line num="291" count="27" type="stmt"/>
      <line num="292" count="27" type="stmt"/>
      <line num="293" count="27" type="stmt"/>
      <line num="294" count="27" type="stmt"/>
      <line num="296" count="27" type="cond" truecount="2" falsecount="0"/>
      <line num="297" count="3" type="stmt"/>
      <line num="301" count="24" type="stmt"/>
      <line num="303" count="24" type="stmt"/>
      <line num="304" count="24" type="stmt"/>
      <line num="305" count="24" type="cond" truecount="2" falsecount="0"/>
      <line num="306" count="24" type="cond" truecount="2" falsecount="0"/>
      <line num="307" count="24" type="stmt"/>
      <line num="309" count="24" type="cond" truecount="4" falsecount="0"/>
      <line num="310" count="2" type="stmt"/>
      <line num="311" count="2" type="cond" truecount="1" falsecount="1"/>
      <line num="312" count="2" type="stmt"/>
      <line num="315" count="22" type="cond" truecount="2" falsecount="0"/>
      <line num="316" count="2" type="stmt"/>
      <line num="317" count="2" type="stmt"/>
      <line num="318" count="2" type="stmt"/>
      <line num="321" count="20" type="stmt"/>
      <line num="322" count="20" type="stmt"/>
      <line num="325" count="20" type="stmt"/>
      <line num="326" count="20" type="stmt"/>
      <line num="327" count="20" type="stmt"/>
      <line num="329" count="20" type="stmt"/>
      <line num="331" count="20" type="cond" truecount="1" falsecount="1"/>
      <line num="332" count="0" type="stmt"/>
      <line num="333" count="0" type="stmt"/>
      <line num="334" count="0" type="stmt"/>
      <line num="336" count="0" type="stmt"/>
      <line num="337" count="0" type="stmt"/>
      <line num="338" count="0" type="stmt"/>
      <line num="339" count="0" type="cond" truecount="0" falsecount="2"/>
      <line num="340" count="0" type="stmt"/>
      <line num="341" count="0" type="stmt"/>
      <line num="343" count="0" type="stmt"/>
      <line num="344" count="0" type="stmt"/>
      <line num="345" count="0" type="stmt"/>
      <line num="346" count="0" type="stmt"/>
      <line num="347" count="0" type="stmt"/>
      <line num="351" count="0" type="cond" truecount="0" falsecount="4"/>
      <line num="352" count="0" type="stmt"/>
      <line num="353" count="0" type="stmt"/>
      <line num="355" count="0" type="stmt"/>
      <line num="356" count="0" type="stmt"/>
      <line num="362" count="20" type="cond" truecount="3" falsecount="1"/>
      <line num="364" count="0" type="stmt"/>
      <line num="365" count="0" type="cond" truecount="0" falsecount="2"/>
      <line num="366" count="0" type="stmt"/>
      <line num="368" count="20" type="cond" truecount="2" falsecount="0"/>
      <line num="370" count="16" type="stmt"/>
      <line num="372" count="4" type="cond" truecount="1" falsecount="1"/>
      <line num="374" count="0" type="stmt"/>
      <line num="375" count="0" type="stmt"/>
      <line num="378" count="0" type="cond" truecount="0" falsecount="2"/>
      <line num="379" count="0" type="stmt"/>
      <line num="381" count="0" type="stmt"/>
      <line num="386" count="0" type="stmt"/>
      <line num="388" count="0" type="stmt"/>
      <line num="392" count="4" type="stmt"/>
      <line num="398" count="0" type="stmt"/>
      <line num="399" count="0" type="stmt"/>
      <line num="402" count="0" type="stmt"/>
      <line num="404" count="0" type="cond" truecount="0" falsecount="2"/>
      <line num="405" count="0" type="stmt"/>
      <line num="408" count="0" type="stmt"/>
      <line num="414" count="16" type="cond" truecount="3" falsecount="1"/>
      <line num="415" count="0" type="stmt"/>
      <line num="422" count="16" type="cond" truecount="1" falsecount="1"/>
      <line num="423" count="16" type="stmt"/>
      <line num="426" count="16" type="stmt"/>
      <line num="427" count="16" type="stmt"/>
      <line num="428" count="16" type="stmt"/>
      <line num="430" count="16" type="cond" truecount="2" falsecount="0"/>
      <line num="431" count="1" type="stmt"/>
      <line num="432" count="1" type="stmt"/>
      <line num="433" count="1" type="stmt"/>
      <line num="434" count="15" type="cond" truecount="2" falsecount="0"/>
      <line num="435" count="1" type="stmt"/>
      <line num="436" count="1" type="stmt"/>
      <line num="453" count="1" type="stmt"/>
      <line num="455" count="14" type="stmt"/>
      <line num="456" count="14" type="stmt"/>
      <line num="469" count="14" type="stmt"/>
      <line num="472" count="16" type="stmt"/>
      <line num="473" count="16" type="cond" truecount="2" falsecount="0"/>
      <line num="474" count="1" type="stmt"/>
      <line num="475" count="15" type="cond" truecount="2" falsecount="0"/>
      <line num="476" count="1" type="stmt"/>
      <line num="478" count="14" type="stmt"/>
      <line num="482" count="16" type="stmt"/>
      <line num="483" count="16" type="cond" truecount="4" falsecount="0"/>
      <line num="484" count="1" type="stmt"/>
      <line num="486" count="16" type="cond" truecount="4" falsecount="0"/>
      <line num="487" count="1" type="stmt"/>
      <line num="490" count="16" type="cond" truecount="2" falsecount="0"/>
      <line num="493" count="16" type="stmt"/>
      <line num="503" count="16" type="stmt"/>
      <line num="517" count="15" type="cond" truecount="1" falsecount="1"/>
      <line num="518" count="0" type="stmt"/>
      <line num="519" count="0" type="stmt"/>
      <line num="524" count="0" type="cond" truecount="0" falsecount="2"/>
      <line num="527" count="15" type="stmt"/>
      <line num="528" count="15" type="stmt"/>
      <line num="534" count="1" type="stmt"/>
      <line num="535" count="1" type="stmt"/>
      <line num="545" count="3" type="stmt"/>
      <line num="546" count="10" type="stmt"/>
      <line num="547" count="10" type="stmt"/>
      <line num="549" count="10" type="cond" truecount="2" falsecount="0"/>
      <line num="550" count="2" type="stmt"/>
      <line num="554" count="8" type="stmt"/>
      <line num="567" count="4" type="stmt"/>
      <line num="568" count="4" type="stmt"/>
      <line num="571" count="4" type="stmt"/>
      <line num="578" count="3" type="stmt"/>
      <line num="579" count="3" type="stmt"/>
      <line num="580" count="3" type="stmt"/>
      <line num="581" count="3" type="cond" truecount="2" falsecount="0"/>
      <line num="583" count="3" type="cond" truecount="2" falsecount="0"/>
      <line num="584" count="2" type="stmt"/>
      <line num="587" count="1" type="cond" truecount="1" falsecount="1"/>
      <line num="588" count="1" type="stmt"/>
      <line num="591" count="0" type="stmt"/>
      <line num="592" count="0" type="stmt"/>
      <line num="593" count="0" type="stmt"/>
      <line num="594" count="0" type="stmt"/>
      <line num="595" count="0" type="cond" truecount="0" falsecount="2"/>
      <line num="597" count="0" type="cond" truecount="0" falsecount="4"/>
      <line num="598" count="0" type="stmt"/>
      <line num="601" count="0" type="cond" truecount="0" falsecount="2"/>
      <line num="602" count="0" type="stmt"/>
      <line num="605" count="0" type="stmt"/>
      <line num="606" count="0" type="stmt"/>
      <line num="608" count="0" type="cond" truecount="0" falsecount="2"/>
      <line num="609" count="0" type="stmt"/>
      <line num="610" count="0" type="stmt"/>
      <line num="611" count="0" type="cond" truecount="0" falsecount="2"/>
      <line num="612" count="0" type="stmt"/>
      <line num="613" count="0" type="stmt"/>
      <line num="616" count="0" type="stmt"/>
      <line num="617" count="0" type="stmt"/>
      <line num="620" count="0" type="stmt"/>
      <line num="621" count="0" type="cond" truecount="0" falsecount="2"/>
      <line num="622" count="0" type="stmt"/>
      <line num="623" count="0" type="cond" truecount="0" falsecount="2"/>
      <line num="624" count="0" type="stmt"/>
      <line num="626" count="0" type="stmt"/>
      <line num="630" count="0" type="stmt"/>
      <line num="631" count="0" type="cond" truecount="0" falsecount="2"/>
      <line num="632" count="0" type="stmt"/>
      <line num="634" count="0" type="cond" truecount="0" falsecount="2"/>
      <line num="635" count="0" type="stmt"/>
      <line num="638" count="0" type="cond" truecount="0" falsecount="2"/>
      <line num="641" count="0" type="stmt"/>
      <line num="666" count="0" type="stmt"/>
      <line num="680" count="0" type="cond" truecount="0" falsecount="2"/>
      <line num="681" count="0" type="stmt"/>
      <line num="682" count="0" type="cond" truecount="0" falsecount="2"/>
      <line num="685" count="0" type="stmt"/>
      <line num="686" count="0" type="stmt"/>
      <line num="688" count="0" type="stmt"/>
      <line num="689" count="0" type="stmt"/>
      <line num="696" count="3" type="stmt"/>
      <line num="697" count="5" type="stmt"/>
      <line num="698" count="5" type="stmt"/>
      <line num="699" count="5" type="stmt"/>
      <line num="701" count="5" type="cond" truecount="2" falsecount="0"/>
      <line num="702" count="2" type="stmt"/>
      <line num="708" count="3" type="cond" truecount="2" falsecount="0"/>
      <line num="709" count="1" type="stmt"/>
      <line num="715" count="2" type="stmt"/>
      <line num="718" count="2" type="stmt"/>
      <line num="719" count="2" type="stmt"/>
      <line num="720" count="2" type="stmt"/>
      <line num="722" count="2" type="stmt"/>
      <line num="726" count="2" type="stmt"/>
      <line num="727" count="2" type="stmt"/>
      <line num="729" count="2" type="stmt"/>
      <line num="737" count="1" type="cond" truecount="1" falsecount="1"/>
      <line num="738" count="1" type="stmt"/>
      <line num="739" count="1" type="stmt"/>
      <line num="742" count="1" type="stmt"/>
      <line num="748" count="0" type="stmt"/>
      <line num="749" count="0" type="cond" truecount="0" falsecount="2"/>
      <line num="751" count="0" type="cond" truecount="0" falsecount="4"/>
      <line num="752" count="0" type="stmt"/>
      <line num="759" count="0" type="stmt"/>
      <line num="782" count="0" type="cond" truecount="0" falsecount="2"/>
      <line num="783" count="0" type="stmt"/>
      <line num="784" count="0" type="stmt"/>
      <line num="786" count="0" type="stmt"/>
      <line num="792" count="0" type="stmt"/>
      <line num="793" count="0" type="cond" truecount="0" falsecount="2"/>
      <line num="795" count="0" type="stmt"/>
      <line num="803" count="1" type="stmt"/>
      <line num="804" count="1" type="stmt"/>
      <line num="808" count="1" type="stmt"/>
      <line num="809" count="1" type="stmt"/>
      <line num="817" count="3" type="stmt"/>
      <line num="818" count="7" type="stmt"/>
      <line num="819" count="7" type="stmt"/>
      <line num="821" count="7" type="cond" truecount="2" falsecount="0"/>
      <line num="822" count="1" type="stmt"/>
      <line num="828" count="6" type="cond" truecount="4" falsecount="0"/>
      <line num="829" count="2" type="stmt"/>
      <line num="836" count="4" type="stmt"/>
      <line num="837" count="4" type="stmt"/>
      <line num="840" count="4" type="stmt"/>
      <line num="841" count="4" type="stmt"/>
      <line num="844" count="4" type="cond" truecount="1" falsecount="1"/>
      <line num="845" count="0" type="stmt"/>
      <line num="846" count="0" type="stmt"/>
      <line num="850" count="4" type="stmt"/>
      <line num="851" count="4" type="stmt"/>
      <line num="853" count="4" type="stmt"/>
      <line num="854" count="4" type="stmt"/>
      <line num="855" count="4" type="stmt"/>
      <line num="856" count="4" type="stmt"/>
      <line num="857" count="4" type="stmt"/>
      <line num="859" count="4" type="stmt"/>
      <line num="865" count="2" type="cond" truecount="1" falsecount="1"/>
      <line num="866" count="2" type="cond" truecount="1" falsecount="1"/>
      <line num="867" count="0" type="stmt"/>
      <line num="870" count="2" type="stmt"/>
      <line num="872" count="2" type="cond" truecount="2" falsecount="0"/>
      <line num="873" count="1" type="stmt"/>
      <line num="874" count="1" type="stmt"/>
      <line num="880" count="1" type="cond" truecount="1" falsecount="1"/>
      <line num="881" count="1" type="cond" truecount="1" falsecount="1"/>
      <line num="883" count="1" type="stmt"/>
      <line num="889" count="2" type="stmt"/>
      <line num="890" count="2" type="stmt"/>
      <line num="897" count="0" type="stmt"/>
      <line num="898" count="0" type="stmt"/>
      <line num="908" count="3" type="stmt"/>
      <line num="909" count="11" type="stmt"/>
      <line num="910" count="11" type="stmt"/>
      <line num="911" count="11" type="stmt"/>
      <line num="915" count="11" type="stmt"/>
      <line num="917" count="11" type="cond" truecount="2" falsecount="0"/>
      <line num="918" count="7" type="stmt"/>
      <line num="921" count="7" type="cond" truecount="1" falsecount="1"/>
      <line num="922" count="0" type="stmt"/>
      <line num="923" count="0" type="stmt"/>
      <line num="926" count="7" type="stmt"/>
      <line num="927" count="7" type="cond" truecount="1" falsecount="1"/>
      <line num="928" count="7" type="stmt"/>
      <line num="929" count="4" type="cond" truecount="2" falsecount="0"/>
      <line num="931" count="1" type="stmt"/>
      <line num="932" count="1" type="stmt"/>
      <line num="935" count="1" type="cond" truecount="1" falsecount="1"/>
      <line num="936" count="1" type="stmt"/>
      <line num="937" count="1" type="stmt"/>
      <line num="940" count="1" type="stmt"/>
      <line num="941" count="1" type="stmt"/>
      <line num="943" count="3" type="stmt"/>
      <line num="950" count="8" type="stmt"/>
      <line num="951" count="8" type="stmt"/>
      <line num="952" count="8" type="stmt"/>
      <line num="953" count="8" type="stmt"/>
      <line num="954" count="8" type="stmt"/>
      <line num="955" count="8" type="stmt"/>
      <line num="956" count="8" type="stmt"/>
      <line num="957" count="8" type="stmt"/>
      <line num="959" count="8" type="stmt"/>
      <line num="966" count="5" type="cond" truecount="1" falsecount="1"/>
      <line num="967" count="5" type="cond" truecount="2" falsecount="0"/>
      <line num="968" count="1" type="stmt"/>
      <line num="969" count="1" type="stmt"/>
      <line num="972" count="4" type="stmt"/>
      <line num="974" count="4" type="cond" truecount="2" falsecount="0"/>
      <line num="975" count="1" type="stmt"/>
      <line num="976" count="1" type="stmt"/>
      <line num="982" count="3" type="cond" truecount="1" falsecount="1"/>
      <line num="983" count="3" type="cond" truecount="1" falsecount="1"/>
      <line num="986" count="3" type="stmt"/>
      <line num="992" count="4" type="stmt"/>
      <line num="995" count="4" type="stmt"/>
      <line num="1002" count="0" type="stmt"/>
      <line num="1003" count="0" type="stmt"/>
      <line num="1013" count="3" type="stmt"/>
      <line num="1014" count="0" type="stmt"/>
      <line num="1015" count="0" type="stmt"/>
      <line num="1016" count="0" type="stmt"/>
      <line num="1018" count="0" type="cond" truecount="0" falsecount="2"/>
      <line num="1019" count="0" type="stmt"/>
      <line num="1021" count="0" type="cond" truecount="0" falsecount="2"/>
      <line num="1022" count="0" type="stmt"/>
      <line num="1025" count="0" type="stmt"/>
      <line num="1026" count="0" type="stmt"/>
      <line num="1027" count="0" type="cond" truecount="0" falsecount="2"/>
      <line num="1028" count="0" type="stmt"/>
      <line num="1030" count="0" type="cond" truecount="0" falsecount="2"/>
      <line num="1031" count="0" type="stmt"/>
      <line num="1035" count="0" type="stmt"/>
      <line num="1052" count="0" type="cond" truecount="0" falsecount="2"/>
      <line num="1053" count="0" type="stmt"/>
      <line num="1056" count="0" type="stmt"/>
      <line num="1057" count="0" type="cond" truecount="0" falsecount="2"/>
      <line num="1059" count="0" type="stmt"/>
      <line num="1060" count="0" type="stmt"/>
      <line num="1067" count="3" type="stmt"/>
      <line num="1068" count="29" type="stmt"/>
      <line num="1069" count="29" type="cond" truecount="2" falsecount="0"/>
      <line num="1071" count="29" type="cond" truecount="4" falsecount="0"/>
      <line num="1072" count="6" type="stmt"/>
      <line num="1078" count="23" type="cond" truecount="2" falsecount="0"/>
      <line num="1079" count="2" type="stmt"/>
      <line num="1086" count="21" type="stmt"/>
      <line num="1087" count="21" type="stmt"/>
      <line num="1089" count="21" type="stmt"/>
      <line num="1095" count="19" type="cond" truecount="2" falsecount="0"/>
      <line num="1096" count="2" type="stmt"/>
      <line num="1103" count="17" type="stmt"/>
      <line num="1106" count="1" type="stmt"/>
      <line num="1107" count="1" type="stmt"/>
      <line num="1108" count="1" type="stmt"/>
      <line num="1111" count="18" type="stmt"/>
      <line num="1112" count="18" type="stmt"/>
      <line num="1122" count="3" type="stmt"/>
      <line num="1123" count="1" type="stmt"/>
      <line num="1127" count="3" type="stmt"/>
      <line num="1130" count="3" type="cond" truecount="1" falsecount="1"/>
      <line num="1131" count="0" type="stmt"/>
      <line num="1132" count="0" type="stmt"/>
      <line num="1133" count="0" type="stmt"/>
    </file>
  </project>
</coverage>
