{"C:\\Users\\rober\\Desktop\\UNIMEDIA_WEBSITE\\server.js": {"path":"C:\\Users\\rober\\Desktop\\UNIMEDIA_WEBSITE\\server.js","statementMap":{"0":{"start":{"line":1,"column":16},"end":{"line":1,"column":34}},"1":{"start":{"line":2,"column":13},"end":{"line":2,"column":28}},"2":{"start":{"line":3,"column":14},"end":{"line":3,"column":35}},"3":{"start":{"line":4,"column":13},"end":{"line":4,"column":28}},"4":{"start":{"line":5,"column":11},"end":{"line":5,"column":24}},"5":{"start":{"line":6,"column":15},"end":{"line":6,"column":32}},"6":{"start":{"line":7,"column":14},"end":{"line":7,"column":30}},"7":{"start":{"line":8,"column":21},"end":{"line":8,"column":41}},"8":{"start":{"line":9,"column":16},"end":{"line":9,"column":34}},"9":{"start":{"line":10,"column":14},"end":{"line":10,"column":30}},"10":{"start":{"line":11,"column":0},"end":{"line":11,"column":27}},"11":{"start":{"line":13,"column":12},"end":{"line":13,"column":21}},"12":{"start":{"line":14,"column":13},"end":{"line":14,"column":37}},"13":{"start":{"line":20,"column":2},"end":{"line":47,"column":3}},"14":{"start":{"line":21,"column":17},"end":{"line":21,"column":28}},"15":{"start":{"line":22,"column":18},"end":{"line":22,"column":20}},"16":{"start":{"line":23,"column":28},"end":{"line":23,"column":44}},"17":{"start":{"line":26,"column":4},"end":{"line":31,"column":5}},"18":{"start":{"line":27,"column":6},"end":{"line":29,"column":20}},"19":{"start":{"line":30,"column":6},"end":{"line":30,"column":20}},"20":{"start":{"line":33,"column":4},"end":{"line":39,"column":5}},"21":{"start":{"line":35,"column":6},"end":{"line":38,"column":20}},"22":{"start":{"line":41,"column":4},"end":{"line":41,"column":126}},"23":{"start":{"line":42,"column":4},"end":{"line":42,"column":18}},"24":{"start":{"line":44,"column":4},"end":{"line":44,"column":61}},"25":{"start":{"line":46,"column":4},"end":{"line":46,"column":23}},"26":{"start":{"line":53,"column":23},"end":{"line":61,"column":17}},"27":{"start":{"line":63,"column":20},"end":{"line":83,"column":1}},"28":{"start":{"line":65,"column":4},"end":{"line":77,"column":5}},"29":{"start":{"line":67,"column":6},"end":{"line":67,"column":27}},"30":{"start":{"line":68,"column":11},"end":{"line":77,"column":5}},"31":{"start":{"line":70,"column":6},"end":{"line":70,"column":27}},"32":{"start":{"line":71,"column":11},"end":{"line":77,"column":5}},"33":{"start":{"line":73,"column":6},"end":{"line":73,"column":27}},"34":{"start":{"line":75,"column":6},"end":{"line":75,"column":53}},"35":{"start":{"line":76,"column":6},"end":{"line":76,"column":27}},"36":{"start":{"line":86,"column":15},"end":{"line":86,"column":58}},"37":{"start":{"line":89,"column":0},"end":{"line":89,"column":27}},"38":{"start":{"line":90,"column":0},"end":{"line":90,"column":41}},"39":{"start":{"line":91,"column":0},"end":{"line":91,"column":63}},"40":{"start":{"line":94,"column":0},"end":{"line":100,"column":4}},"41":{"start":{"line":96,"column":4},"end":{"line":98,"column":5}},"42":{"start":{"line":97,"column":6},"end":{"line":97,"column":49}},"43":{"start":{"line":103,"column":0},"end":{"line":105,"column":3}},"44":{"start":{"line":104,"column":2},"end":{"line":104,"column":66}},"45":{"start":{"line":110,"column":0},"end":{"line":182,"column":3}},"46":{"start":{"line":111,"column":2},"end":{"line":181,"column":3}},"47":{"start":{"line":113,"column":19},"end":{"line":113,"column":34}},"48":{"start":{"line":114,"column":22},"end":{"line":114,"column":30}},"49":{"start":{"line":116,"column":4},"end":{"line":121,"column":5}},"50":{"start":{"line":117,"column":6},"end":{"line":120,"column":9}},"51":{"start":{"line":123,"column":4},"end":{"line":128,"column":5}},"52":{"start":{"line":124,"column":6},"end":{"line":127,"column":9}},"53":{"start":{"line":130,"column":4},"end":{"line":135,"column":5}},"54":{"start":{"line":131,"column":6},"end":{"line":134,"column":9}},"55":{"start":{"line":138,"column":21},"end":{"line":138,"column":41}},"56":{"start":{"line":139,"column":21},"end":{"line":139,"column":35}},"57":{"start":{"line":141,"column":4},"end":{"line":144,"column":7}},"58":{"start":{"line":145,"column":4},"end":{"line":145,"column":55}},"59":{"start":{"line":146,"column":4},"end":{"line":146,"column":38}},"60":{"start":{"line":149,"column":21},"end":{"line":155,"column":6}},"61":{"start":{"line":157,"column":4},"end":{"line":164,"column":5}},"62":{"start":{"line":158,"column":24},"end":{"line":158,"column":63}},"63":{"start":{"line":158,"column":59},"end":{"line":158,"column":61}},"64":{"start":{"line":159,"column":6},"end":{"line":159,"column":54}},"65":{"start":{"line":160,"column":6},"end":{"line":163,"column":9}},"66":{"start":{"line":166,"column":17},"end":{"line":166,"column":38}},"67":{"start":{"line":167,"column":28},"end":{"line":167,"column":43}},"68":{"start":{"line":169,"column":4},"end":{"line":173,"column":7}},"69":{"start":{"line":176,"column":4},"end":{"line":176,"column":49}},"70":{"start":{"line":177,"column":4},"end":{"line":180,"column":7}},"71":{"start":{"line":187,"column":0},"end":{"line":260,"column":3}},"72":{"start":{"line":188,"column":2},"end":{"line":259,"column":3}},"73":{"start":{"line":190,"column":19},"end":{"line":190,"column":34}},"74":{"start":{"line":191,"column":43},"end":{"line":191,"column":51}},"75":{"start":{"line":193,"column":4},"end":{"line":199,"column":5}},"76":{"start":{"line":194,"column":6},"end":{"line":198,"column":9}},"77":{"start":{"line":201,"column":4},"end":{"line":207,"column":5}},"78":{"start":{"line":202,"column":6},"end":{"line":206,"column":9}},"79":{"start":{"line":210,"column":21},"end":{"line":231,"column":6}},"80":{"start":{"line":233,"column":4},"end":{"line":241,"column":5}},"81":{"start":{"line":234,"column":24},"end":{"line":234,"column":45}},"82":{"start":{"line":235,"column":6},"end":{"line":235,"column":50}},"83":{"start":{"line":236,"column":6},"end":{"line":240,"column":9}},"84":{"start":{"line":243,"column":17},"end":{"line":243,"column":38}},"85":{"start":{"line":244,"column":17},"end":{"line":244,"column":56}},"86":{"start":{"line":246,"column":4},"end":{"line":250,"column":7}},"87":{"start":{"line":253,"column":4},"end":{"line":253,"column":42}},"88":{"start":{"line":254,"column":4},"end":{"line":258,"column":7}},"89":{"start":{"line":265,"column":0},"end":{"line":540,"column":3}},"90":{"start":{"line":266,"column":2},"end":{"line":539,"column":3}},"91":{"start":{"line":267,"column":25},"end":{"line":267,"column":33}},"92":{"start":{"line":268,"column":111},"end":{"line":268,"column":119}},"93":{"start":{"line":270,"column":4},"end":{"line":270,"column":72}},"94":{"start":{"line":271,"column":4},"end":{"line":271,"column":71}},"95":{"start":{"line":272,"column":4},"end":{"line":272,"column":70}},"96":{"start":{"line":273,"column":4},"end":{"line":273,"column":62}},"97":{"start":{"line":274,"column":4},"end":{"line":274,"column":59}},"98":{"start":{"line":275,"column":4},"end":{"line":275,"column":64}},"99":{"start":{"line":276,"column":4},"end":{"line":276,"column":20}},"100":{"start":{"line":277,"column":4},"end":{"line":277,"column":43}},"101":{"start":{"line":278,"column":4},"end":{"line":278,"column":54}},"102":{"start":{"line":279,"column":4},"end":{"line":279,"column":51}},"103":{"start":{"line":280,"column":4},"end":{"line":280,"column":74}},"104":{"start":{"line":281,"column":4},"end":{"line":281,"column":62}},"105":{"start":{"line":282,"column":4},"end":{"line":282,"column":56}},"106":{"start":{"line":283,"column":4},"end":{"line":283,"column":66}},"107":{"start":{"line":284,"column":4},"end":{"line":284,"column":88}},"108":{"start":{"line":285,"column":4},"end":{"line":285,"column":76}},"109":{"start":{"line":286,"column":4},"end":{"line":286,"column":80}},"110":{"start":{"line":287,"column":4},"end":{"line":287,"column":74}},"111":{"start":{"line":288,"column":4},"end":{"line":288,"column":20}},"112":{"start":{"line":289,"column":4},"end":{"line":289,"column":36}},"113":{"start":{"line":290,"column":4},"end":{"line":290,"column":49}},"114":{"start":{"line":291,"column":4},"end":{"line":291,"column":53}},"115":{"start":{"line":292,"column":4},"end":{"line":292,"column":57}},"116":{"start":{"line":293,"column":4},"end":{"line":293,"column":61}},"117":{"start":{"line":294,"column":4},"end":{"line":294,"column":20}},"118":{"start":{"line":296,"column":4},"end":{"line":298,"column":5}},"119":{"start":{"line":297,"column":6},"end":{"line":297,"column":114}},"120":{"start":{"line":301,"column":24},"end":{"line":301,"column":30}},"121":{"start":{"line":303,"column":4},"end":{"line":303,"column":39}},"122":{"start":{"line":304,"column":4},"end":{"line":304,"column":52}},"123":{"start":{"line":305,"column":4},"end":{"line":305,"column":103}},"124":{"start":{"line":306,"column":4},"end":{"line":306,"column":69}},"125":{"start":{"line":307,"column":4},"end":{"line":307,"column":20}},"126":{"start":{"line":309,"column":4},"end":{"line":313,"column":5}},"127":{"start":{"line":310,"column":6},"end":{"line":310,"column":63}},"128":{"start":{"line":311,"column":6},"end":{"line":311,"column":71}},"129":{"start":{"line":312,"column":6},"end":{"line":312,"column":143}},"130":{"start":{"line":315,"column":4},"end":{"line":319,"column":5}},"131":{"start":{"line":316,"column":6},"end":{"line":316,"column":65}},"132":{"start":{"line":317,"column":6},"end":{"line":317,"column":81}},"133":{"start":{"line":318,"column":6},"end":{"line":318,"column":146}},"134":{"start":{"line":321,"column":4},"end":{"line":321,"column":60}},"135":{"start":{"line":322,"column":4},"end":{"line":322,"column":20}},"136":{"start":{"line":325,"column":21},"end":{"line":325,"column":60}},"137":{"start":{"line":326,"column":26},"end":{"line":326,"column":51}},"138":{"start":{"line":327,"column":24},"end":{"line":327,"column":26}},"139":{"start":{"line":329,"column":4},"end":{"line":412,"column":5}},"140":{"start":{"line":331,"column":6},"end":{"line":396,"column":7}},"141":{"start":{"line":332,"column":8},"end":{"line":332,"column":75}},"142":{"start":{"line":333,"column":8},"end":{"line":333,"column":78}},"143":{"start":{"line":334,"column":8},"end":{"line":334,"column":91}},"144":{"start":{"line":336,"column":8},"end":{"line":348,"column":9}},"145":{"start":{"line":337,"column":25},"end":{"line":337,"column":68}},"146":{"start":{"line":338,"column":25},"end":{"line":338,"column":47}},"147":{"start":{"line":339,"column":10},"end":{"line":339,"column":44}},"148":{"start":{"line":340,"column":10},"end":{"line":340,"column":33}},"149":{"start":{"line":341,"column":10},"end":{"line":341,"column":97}},"150":{"start":{"line":343,"column":10},"end":{"line":343,"column":78}},"151":{"start":{"line":344,"column":10},"end":{"line":344,"column":57}},"152":{"start":{"line":345,"column":10},"end":{"line":345,"column":57}},"153":{"start":{"line":346,"column":10},"end":{"line":346,"column":52}},"154":{"start":{"line":347,"column":10},"end":{"line":347,"column":25}},"155":{"start":{"line":351,"column":8},"end":{"line":360,"column":9}},"156":{"start":{"line":352,"column":10},"end":{"line":352,"column":111}},"157":{"start":{"line":353,"column":10},"end":{"line":353,"column":65}},"158":{"start":{"line":355,"column":27},"end":{"line":355,"column":432}},"159":{"start":{"line":356,"column":10},"end":{"line":359,"column":13}},"160":{"start":{"line":362,"column":11},"end":{"line":396,"column":7}},"161":{"start":{"line":364,"column":23},"end":{"line":364,"column":84}},"162":{"start":{"line":365,"column":8},"end":{"line":365,"column":43}},"163":{"start":{"line":366,"column":8},"end":{"line":366,"column":122}},"164":{"start":{"line":368,"column":11},"end":{"line":396,"column":7}},"165":{"start":{"line":370,"column":8},"end":{"line":370,"column":62}},"166":{"start":{"line":372,"column":11},"end":{"line":396,"column":7}},"167":{"start":{"line":374,"column":20},"end":{"line":374,"column":31}},"168":{"start":{"line":375,"column":8},"end":{"line":375,"column":49}},"169":{"start":{"line":378,"column":8},"end":{"line":389,"column":9}},"170":{"start":{"line":379,"column":29},"end":{"line":379,"column":74}},"171":{"start":{"line":381,"column":10},"end":{"line":385,"column":20}},"172":{"start":{"line":386,"column":10},"end":{"line":386,"column":97}},"173":{"start":{"line":388,"column":10},"end":{"line":388,"column":68}},"174":{"start":{"line":392,"column":8},"end":{"line":395,"column":11}},"175":{"start":{"line":398,"column":6},"end":{"line":398,"column":91}},"176":{"start":{"line":399,"column":6},"end":{"line":399,"column":56}},"177":{"start":{"line":402,"column":24},"end":{"line":402,"column":105}},"178":{"start":{"line":404,"column":6},"end":{"line":406,"column":7}},"179":{"start":{"line":405,"column":8},"end":{"line":405,"column":368}},"180":{"start":{"line":408,"column":6},"end":{"line":411,"column":9}},"181":{"start":{"line":414,"column":4},"end":{"line":419,"column":5}},"182":{"start":{"line":415,"column":6},"end":{"line":418,"column":9}},"183":{"start":{"line":422,"column":24},"end":{"line":422,"column":89}},"184":{"start":{"line":422,"column":36},"end":{"line":422,"column":89}},"185":{"start":{"line":423,"column":24},"end":{"line":423,"column":57}},"186":{"start":{"line":426,"column":29},"end":{"line":426,"column":31}},"187":{"start":{"line":427,"column":22},"end":{"line":427,"column":24}},"188":{"start":{"line":428,"column":20},"end":{"line":428,"column":24}},"189":{"start":{"line":430,"column":4},"end":{"line":470,"column":5}},"190":{"start":{"line":431,"column":6},"end":{"line":431,"column":185}},"191":{"start":{"line":432,"column":6},"end":{"line":432,"column":132}},"192":{"start":{"line":433,"column":6},"end":{"line":433,"column":22}},"193":{"start":{"line":434,"column":11},"end":{"line":470,"column":5}},"194":{"start":{"line":435,"column":6},"end":{"line":435,"column":170}},"195":{"start":{"line":436,"column":6},"end":{"line":452,"column":76}},"196":{"start":{"line":453,"column":6},"end":{"line":453,"column":23}},"197":{"start":{"line":455,"column":6},"end":{"line":455,"column":145}},"198":{"start":{"line":456,"column":6},"end":{"line":468,"column":80}},"199":{"start":{"line":469,"column":6},"end":{"line":469,"column":23}},"200":{"start":{"line":472,"column":27},"end":{"line":472,"column":29}},"201":{"start":{"line":473,"column":4},"end":{"line":479,"column":5}},"202":{"start":{"line":474,"column":6},"end":{"line":474,"column":76}},"203":{"start":{"line":475,"column":11},"end":{"line":479,"column":5}},"204":{"start":{"line":476,"column":6},"end":{"line":476,"column":133}},"205":{"start":{"line":478,"column":6},"end":{"line":478,"column":94}},"206":{"start":{"line":482,"column":26},"end":{"line":482,"column":28}},"207":{"start":{"line":483,"column":4},"end":{"line":485,"column":5}},"208":{"start":{"line":484,"column":6},"end":{"line":484,"column":89}},"209":{"start":{"line":486,"column":4},"end":{"line":488,"column":5}},"210":{"start":{"line":487,"column":6},"end":{"line":487,"column":101}},"211":{"start":{"line":490,"column":24},"end":{"line":490,"column":131}},"212":{"start":{"line":490,"column":104},"end":{"line":490,"column":112}},"213":{"start":{"line":493,"column":19},"end":{"line":500,"column":15}},"214":{"start":{"line":503,"column":21},"end":{"line":515,"column":6}},"215":{"start":{"line":517,"column":4},"end":{"line":525,"column":5}},"216":{"start":{"line":518,"column":18},"end":{"line":518,"column":39}},"217":{"start":{"line":519,"column":6},"end":{"line":523,"column":9}},"218":{"start":{"line":524,"column":6},"end":{"line":524,"column":89}},"219":{"start":{"line":527,"column":19},"end":{"line":527,"column":40}},"220":{"start":{"line":528,"column":4},"end":{"line":532,"column":7}},"221":{"start":{"line":534,"column":4},"end":{"line":534,"column":55}},"222":{"start":{"line":535,"column":4},"end":{"line":538,"column":7}},"223":{"start":{"line":545,"column":0},"end":{"line":573,"column":3}},"224":{"start":{"line":546,"column":2},"end":{"line":572,"column":3}},"225":{"start":{"line":547,"column":23},"end":{"line":547,"column":31}},"226":{"start":{"line":549,"column":4},"end":{"line":551,"column":5}},"227":{"start":{"line":550,"column":6},"end":{"line":550,"column":72}},"228":{"start":{"line":554,"column":21},"end":{"line":565,"column":6}},"229":{"start":{"line":567,"column":18},"end":{"line":567,"column":29}},"230":{"start":{"line":568,"column":4},"end":{"line":568,"column":24}},"231":{"start":{"line":571,"column":4},"end":{"line":571,"column":53}},"232":{"start":{"line":578,"column":0},"end":{"line":691,"column":3}},"233":{"start":{"line":579,"column":2},"end":{"line":690,"column":3}},"234":{"start":{"line":580,"column":20},"end":{"line":580,"column":28}},"235":{"start":{"line":581,"column":126},"end":{"line":581,"column":134}},"236":{"start":{"line":583,"column":4},"end":{"line":585,"column":5}},"237":{"start":{"line":584,"column":6},"end":{"line":584,"column":109}},"238":{"start":{"line":587,"column":4},"end":{"line":589,"column":5}},"239":{"start":{"line":588,"column":6},"end":{"line":588,"column":110}},"240":{"start":{"line":591,"column":25},"end":{"line":591,"column":45}},"241":{"start":{"line":592,"column":19},"end":{"line":592,"column":57}},"242":{"start":{"line":593,"column":19},"end":{"line":593,"column":41}},"243":{"start":{"line":594,"column":26},"end":{"line":594,"column":37}},"244":{"start":{"line":595,"column":4},"end":{"line":595,"column":47}},"245":{"start":{"line":595,"column":24},"end":{"line":595,"column":47}},"246":{"start":{"line":597,"column":4},"end":{"line":599,"column":5}},"247":{"start":{"line":598,"column":6},"end":{"line":598,"column":155}},"248":{"start":{"line":601,"column":24},"end":{"line":601,"column":89}},"249":{"start":{"line":601,"column":36},"end":{"line":601,"column":89}},"250":{"start":{"line":602,"column":24},"end":{"line":602,"column":57}},"251":{"start":{"line":605,"column":29},"end":{"line":605,"column":31}},"252":{"start":{"line":606,"column":20},"end":{"line":606,"column":24}},"253":{"start":{"line":608,"column":4},"end":{"line":618,"column":5}},"254":{"start":{"line":609,"column":6},"end":{"line":609,"column":134}},"255":{"start":{"line":610,"column":6},"end":{"line":610,"column":22}},"256":{"start":{"line":611,"column":11},"end":{"line":618,"column":5}},"257":{"start":{"line":612,"column":6},"end":{"line":612,"column":170}},"258":{"start":{"line":613,"column":6},"end":{"line":613,"column":23}},"259":{"start":{"line":616,"column":6},"end":{"line":616,"column":150}},"260":{"start":{"line":617,"column":6},"end":{"line":617,"column":23}},"261":{"start":{"line":620,"column":27},"end":{"line":620,"column":29}},"262":{"start":{"line":621,"column":4},"end":{"line":627,"column":5}},"263":{"start":{"line":622,"column":6},"end":{"line":622,"column":76}},"264":{"start":{"line":623,"column":11},"end":{"line":627,"column":5}},"265":{"start":{"line":624,"column":6},"end":{"line":624,"column":133}},"266":{"start":{"line":626,"column":6},"end":{"line":626,"column":94}},"267":{"start":{"line":630,"column":26},"end":{"line":630,"column":28}},"268":{"start":{"line":631,"column":4},"end":{"line":633,"column":5}},"269":{"start":{"line":632,"column":6},"end":{"line":632,"column":99}},"270":{"start":{"line":634,"column":4},"end":{"line":636,"column":5}},"271":{"start":{"line":635,"column":6},"end":{"line":635,"column":101}},"272":{"start":{"line":638,"column":24},"end":{"line":638,"column":131}},"273":{"start":{"line":638,"column":104},"end":{"line":638,"column":112}},"274":{"start":{"line":641,"column":19},"end":{"line":664,"column":15}},"275":{"start":{"line":666,"column":21},"end":{"line":678,"column":6}},"276":{"start":{"line":680,"column":4},"end":{"line":683,"column":5}},"277":{"start":{"line":681,"column":20},"end":{"line":681,"column":41}},"278":{"start":{"line":682,"column":8},"end":{"line":682,"column":86}},"279":{"start":{"line":685,"column":19},"end":{"line":685,"column":40}},"280":{"start":{"line":686,"column":4},"end":{"line":686,"column":58}},"281":{"start":{"line":688,"column":4},"end":{"line":688,"column":39}},"282":{"start":{"line":689,"column":4},"end":{"line":689,"column":102}},"283":{"start":{"line":696,"column":0},"end":{"line":814,"column":3}},"284":{"start":{"line":697,"column":2},"end":{"line":813,"column":3}},"285":{"start":{"line":698,"column":22},"end":{"line":698,"column":30}},"286":{"start":{"line":699,"column":23},"end":{"line":699,"column":31}},"287":{"start":{"line":701,"column":4},"end":{"line":706,"column":5}},"288":{"start":{"line":702,"column":6},"end":{"line":705,"column":9}},"289":{"start":{"line":708,"column":4},"end":{"line":713,"column":5}},"290":{"start":{"line":709,"column":6},"end":{"line":712,"column":9}},"291":{"start":{"line":715,"column":4},"end":{"line":715,"column":113}},"292":{"start":{"line":718,"column":4},"end":{"line":805,"column":5}},"293":{"start":{"line":719,"column":23},"end":{"line":719,"column":43}},"294":{"start":{"line":720,"column":23},"end":{"line":720,"column":37}},"295":{"start":{"line":722,"column":6},"end":{"line":725,"column":9}},"296":{"start":{"line":726,"column":6},"end":{"line":726,"column":57}},"297":{"start":{"line":727,"column":6},"end":{"line":727,"column":40}},"298":{"start":{"line":729,"column":28},"end":{"line":735,"column":8}},"299":{"start":{"line":737,"column":6},"end":{"line":746,"column":7}},"300":{"start":{"line":738,"column":26},"end":{"line":738,"column":70}},"301":{"start":{"line":738,"column":66},"end":{"line":738,"column":68}},"302":{"start":{"line":739,"column":8},"end":{"line":739,"column":68}},"303":{"start":{"line":742,"column":8},"end":{"line":745,"column":11}},"304":{"start":{"line":748,"column":29},"end":{"line":748,"column":55}},"305":{"start":{"line":749,"column":25},"end":{"line":749,"column":50}},"306":{"start":{"line":751,"column":6},"end":{"line":756,"column":7}},"307":{"start":{"line":752,"column":8},"end":{"line":755,"column":11}},"308":{"start":{"line":759,"column":27},"end":{"line":780,"column":8}},"309":{"start":{"line":782,"column":6},"end":{"line":790,"column":7}},"310":{"start":{"line":783,"column":26},"end":{"line":783,"column":69}},"311":{"start":{"line":783,"column":65},"end":{"line":783,"column":67}},"312":{"start":{"line":784,"column":8},"end":{"line":784,"column":53}},"313":{"start":{"line":786,"column":8},"end":{"line":789,"column":11}},"314":{"start":{"line":792,"column":28},"end":{"line":792,"column":53}},"315":{"start":{"line":793,"column":22},"end":{"line":793,"column":78}},"316":{"start":{"line":795,"column":6},"end":{"line":800,"column":9}},"317":{"start":{"line":803,"column":6},"end":{"line":803,"column":73}},"318":{"start":{"line":804,"column":6},"end":{"line":804,"column":23}},"319":{"start":{"line":808,"column":4},"end":{"line":808,"column":60}},"320":{"start":{"line":809,"column":4},"end":{"line":812,"column":7}},"321":{"start":{"line":817,"column":0},"end":{"line":903,"column":3}},"322":{"start":{"line":818,"column":2},"end":{"line":902,"column":3}},"323":{"start":{"line":819,"column":34},"end":{"line":819,"column":42}},"324":{"start":{"line":821,"column":4},"end":{"line":826,"column":5}},"325":{"start":{"line":822,"column":6},"end":{"line":825,"column":9}},"326":{"start":{"line":828,"column":4},"end":{"line":833,"column":5}},"327":{"start":{"line":829,"column":6},"end":{"line":832,"column":9}},"328":{"start":{"line":836,"column":4},"end":{"line":894,"column":5}},"329":{"start":{"line":837,"column":23},"end":{"line":837,"column":43}},"330":{"start":{"line":840,"column":27},"end":{"line":840,"column":50}},"331":{"start":{"line":841,"column":24},"end":{"line":841,"column":59}},"332":{"start":{"line":844,"column":6},"end":{"line":847,"column":7}},"333":{"start":{"line":845,"column":8},"end":{"line":845,"column":118}},"334":{"start":{"line":846,"column":8},"end":{"line":846,"column":61}},"335":{"start":{"line":850,"column":31},"end":{"line":850,"column":61}},"336":{"start":{"line":851,"column":34},"end":{"line":851,"column":78}},"337":{"start":{"line":853,"column":22},"end":{"line":853,"column":36}},"338":{"start":{"line":854,"column":6},"end":{"line":854,"column":57}},"339":{"start":{"line":855,"column":6},"end":{"line":855,"column":45}},"340":{"start":{"line":856,"column":6},"end":{"line":856,"column":40}},"341":{"start":{"line":857,"column":6},"end":{"line":857,"column":51}},"342":{"start":{"line":859,"column":26},"end":{"line":863,"column":8}},"343":{"start":{"line":865,"column":26},"end":{"line":865,"column":71}},"344":{"start":{"line":866,"column":6},"end":{"line":868,"column":7}},"345":{"start":{"line":867,"column":8},"end":{"line":867,"column":75}},"346":{"start":{"line":870,"column":22},"end":{"line":870,"column":46}},"347":{"start":{"line":872,"column":6},"end":{"line":878,"column":7}},"348":{"start":{"line":873,"column":8},"end":{"line":873,"column":62}},"349":{"start":{"line":874,"column":8},"end":{"line":877,"column":11}},"350":{"start":{"line":880,"column":28},"end":{"line":880,"column":55}},"351":{"start":{"line":881,"column":28},"end":{"line":881,"column":110}},"352":{"start":{"line":881,"column":51},"end":{"line":881,"column":63}},"353":{"start":{"line":883,"column":6},"end":{"line":887,"column":9}},"354":{"start":{"line":889,"column":6},"end":{"line":889,"column":59}},"355":{"start":{"line":890,"column":6},"end":{"line":893,"column":9}},"356":{"start":{"line":897,"column":4},"end":{"line":897,"column":50}},"357":{"start":{"line":898,"column":4},"end":{"line":901,"column":7}},"358":{"start":{"line":908,"column":0},"end":{"line":1008,"column":3}},"359":{"start":{"line":909,"column":2},"end":{"line":1007,"column":3}},"360":{"start":{"line":910,"column":34},"end":{"line":910,"column":42}},"361":{"start":{"line":911,"column":22},"end":{"line":911,"column":30}},"362":{"start":{"line":915,"column":19},"end":{"line":915,"column":26}},"363":{"start":{"line":917,"column":4},"end":{"line":947,"column":5}},"364":{"start":{"line":918,"column":24},"end":{"line":918,"column":40}},"365":{"start":{"line":921,"column":6},"end":{"line":924,"column":7}},"366":{"start":{"line":922,"column":8},"end":{"line":922,"column":117}},"367":{"start":{"line":923,"column":8},"end":{"line":923,"column":61}},"368":{"start":{"line":926,"column":6},"end":{"line":926,"column":50}},"369":{"start":{"line":927,"column":6},"end":{"line":927,"column":88}},"370":{"start":{"line":928,"column":6},"end":{"line":928,"column":40}},"371":{"start":{"line":929,"column":11},"end":{"line":947,"column":5}},"372":{"start":{"line":931,"column":27},"end":{"line":931,"column":50}},"373":{"start":{"line":932,"column":24},"end":{"line":932,"column":59}},"374":{"start":{"line":935,"column":6},"end":{"line":938,"column":7}},"375":{"start":{"line":936,"column":8},"end":{"line":936,"column":118}},"376":{"start":{"line":937,"column":8},"end":{"line":937,"column":61}},"377":{"start":{"line":940,"column":6},"end":{"line":940,"column":50}},"378":{"start":{"line":941,"column":6},"end":{"line":941,"column":61}},"379":{"start":{"line":943,"column":6},"end":{"line":946,"column":9}},"380":{"start":{"line":950,"column":4},"end":{"line":999,"column":5}},"381":{"start":{"line":951,"column":23},"end":{"line":951,"column":43}},"382":{"start":{"line":952,"column":22},"end":{"line":952,"column":36}},"383":{"start":{"line":953,"column":6},"end":{"line":953,"column":51}},"384":{"start":{"line":954,"column":6},"end":{"line":954,"column":45}},"385":{"start":{"line":955,"column":6},"end":{"line":955,"column":40}},"386":{"start":{"line":956,"column":6},"end":{"line":956,"column":50}},"387":{"start":{"line":957,"column":6},"end":{"line":957,"column":51}},"388":{"start":{"line":959,"column":26},"end":{"line":963,"column":8}},"389":{"start":{"line":966,"column":26},"end":{"line":966,"column":71}},"390":{"start":{"line":967,"column":6},"end":{"line":970,"column":7}},"391":{"start":{"line":968,"column":8},"end":{"line":968,"column":78}},"392":{"start":{"line":969,"column":8},"end":{"line":969,"column":65}},"393":{"start":{"line":972,"column":22},"end":{"line":972,"column":46}},"394":{"start":{"line":974,"column":6},"end":{"line":980,"column":7}},"395":{"start":{"line":975,"column":8},"end":{"line":975,"column":73}},"396":{"start":{"line":976,"column":8},"end":{"line":979,"column":11}},"397":{"start":{"line":982,"column":28},"end":{"line":982,"column":55}},"398":{"start":{"line":983,"column":28},"end":{"line":984,"column":86}},"399":{"start":{"line":983,"column":51},"end":{"line":983,"column":63}},"400":{"start":{"line":986,"column":6},"end":{"line":990,"column":9}},"401":{"start":{"line":992,"column":6},"end":{"line":992,"column":58}},"402":{"start":{"line":995,"column":6},"end":{"line":998,"column":9}},"403":{"start":{"line":1002,"column":4},"end":{"line":1002,"column":39}},"404":{"start":{"line":1003,"column":4},"end":{"line":1006,"column":7}},"405":{"start":{"line":1013,"column":0},"end":{"line":1062,"column":3}},"406":{"start":{"line":1014,"column":2},"end":{"line":1061,"column":3}},"407":{"start":{"line":1015,"column":20},"end":{"line":1015,"column":28}},"408":{"start":{"line":1016,"column":23},"end":{"line":1016,"column":31}},"409":{"start":{"line":1018,"column":4},"end":{"line":1020,"column":5}},"410":{"start":{"line":1019,"column":6},"end":{"line":1019,"column":104}},"411":{"start":{"line":1021,"column":4},"end":{"line":1023,"column":5}},"412":{"start":{"line":1022,"column":6},"end":{"line":1022,"column":123}},"413":{"start":{"line":1025,"column":19},"end":{"line":1025,"column":57}},"414":{"start":{"line":1026,"column":19},"end":{"line":1026,"column":41}},"415":{"start":{"line":1027,"column":26},"end":{"line":1027,"column":43}},"416":{"start":{"line":1028,"column":4},"end":{"line":1028,"column":27}},"417":{"start":{"line":1030,"column":4},"end":{"line":1032,"column":5}},"418":{"start":{"line":1031,"column":6},"end":{"line":1031,"column":119}},"419":{"start":{"line":1035,"column":25},"end":{"line":1050,"column":6}},"420":{"start":{"line":1052,"column":4},"end":{"line":1054,"column":5}},"421":{"start":{"line":1053,"column":7},"end":{"line":1053,"column":147}},"422":{"start":{"line":1056,"column":26},"end":{"line":1056,"column":51}},"423":{"start":{"line":1057,"column":4},"end":{"line":1057,"column":134}},"424":{"start":{"line":1059,"column":4},"end":{"line":1059,"column":50}},"425":{"start":{"line":1060,"column":4},"end":{"line":1060,"column":102}},"426":{"start":{"line":1067,"column":0},"end":{"line":1117,"column":3}},"427":{"start":{"line":1068,"column":2},"end":{"line":1116,"column":3}},"428":{"start":{"line":1069,"column":49},"end":{"line":1069,"column":57}},"429":{"start":{"line":1071,"column":4},"end":{"line":1076,"column":5}},"430":{"start":{"line":1072,"column":6},"end":{"line":1075,"column":9}},"431":{"start":{"line":1078,"column":4},"end":{"line":1083,"column":5}},"432":{"start":{"line":1079,"column":6},"end":{"line":1082,"column":9}},"433":{"start":{"line":1086,"column":24},"end":{"line":1086,"column":48}},"434":{"start":{"line":1087,"column":19},"end":{"line":1087,"column":115}},"435":{"start":{"line":1089,"column":21},"end":{"line":1093,"column":6}},"436":{"start":{"line":1095,"column":4},"end":{"line":1100,"column":5}},"437":{"start":{"line":1096,"column":6},"end":{"line":1099,"column":9}},"438":{"start":{"line":1103,"column":24},"end":{"line":1103,"column":47}},"439":{"start":{"line":1106,"column":4},"end":{"line":1106,"column":48}},"440":{"start":{"line":1107,"column":4},"end":{"line":1107,"column":78}},"441":{"start":{"line":1108,"column":4},"end":{"line":1108,"column":26}},"442":{"start":{"line":1111,"column":4},"end":{"line":1111,"column":39}},"443":{"start":{"line":1112,"column":4},"end":{"line":1115,"column":7}},"444":{"start":{"line":1122,"column":0},"end":{"line":1124,"column":3}},"445":{"start":{"line":1123,"column":2},"end":{"line":1123,"column":58}},"446":{"start":{"line":1127,"column":0},"end":{"line":1127,"column":21}},"447":{"start":{"line":1130,"column":0},"end":{"line":1135,"column":1}},"448":{"start":{"line":1131,"column":2},"end":{"line":1134,"column":5}},"449":{"start":{"line":1132,"column":4},"end":{"line":1132,"column":74}},"450":{"start":{"line":1133,"column":4},"end":{"line":1133,"column":81}}},"fnMap":{"0":{"name":"compressImageForOCR","decl":{"start":{"line":19,"column":15},"end":{"line":19,"column":34}},"loc":{"start":{"line":19,"column":66},"end":{"line":48,"column":1}},"line":19},"1":{"name":"(anonymous_1)","decl":{"start":{"line":64,"column":10},"end":{"line":64,"column":11}},"loc":{"start":{"line":64,"column":32},"end":{"line":78,"column":3}},"line":64},"2":{"name":"(anonymous_2)","decl":{"start":{"line":95,"column":14},"end":{"line":95,"column":15}},"loc":{"start":{"line":95,"column":29},"end":{"line":99,"column":3}},"line":95},"3":{"name":"(anonymous_3)","decl":{"start":{"line":103,"column":19},"end":{"line":103,"column":20}},"loc":{"start":{"line":103,"column":33},"end":{"line":105,"column":1}},"line":103},"4":{"name":"(anonymous_4)","decl":{"start":{"line":110,"column":52},"end":{"line":110,"column":53}},"loc":{"start":{"line":110,"column":72},"end":{"line":182,"column":1}},"line":110},"5":{"name":"(anonymous_5)","decl":{"start":{"line":158,"column":52},"end":{"line":158,"column":53}},"loc":{"start":{"line":158,"column":59},"end":{"line":158,"column":61}},"line":158},"6":{"name":"(anonymous_6)","decl":{"start":{"line":187,"column":20},"end":{"line":187,"column":21}},"loc":{"start":{"line":187,"column":40},"end":{"line":260,"column":1}},"line":187},"7":{"name":"(anonymous_7)","decl":{"start":{"line":265,"column":49},"end":{"line":265,"column":50}},"loc":{"start":{"line":265,"column":69},"end":{"line":540,"column":1}},"line":265},"8":{"name":"(anonymous_8)","decl":{"start":{"line":422,"column":24},"end":{"line":422,"column":25}},"loc":{"start":{"line":422,"column":36},"end":{"line":422,"column":89}},"line":422},"9":{"name":"(anonymous_9)","decl":{"start":{"line":490,"column":99},"end":{"line":490,"column":100}},"loc":{"start":{"line":490,"column":104},"end":{"line":490,"column":112}},"line":490},"10":{"name":"(anonymous_10)","decl":{"start":{"line":545,"column":28},"end":{"line":545,"column":29}},"loc":{"start":{"line":545,"column":48},"end":{"line":573,"column":1}},"line":545},"11":{"name":"(anonymous_11)","decl":{"start":{"line":578,"column":44},"end":{"line":578,"column":45}},"loc":{"start":{"line":578,"column":64},"end":{"line":691,"column":1}},"line":578},"12":{"name":"(anonymous_12)","decl":{"start":{"line":601,"column":24},"end":{"line":601,"column":25}},"loc":{"start":{"line":601,"column":36},"end":{"line":601,"column":89}},"line":601},"13":{"name":"(anonymous_13)","decl":{"start":{"line":638,"column":99},"end":{"line":638,"column":100}},"loc":{"start":{"line":638,"column":104},"end":{"line":638,"column":112}},"line":638},"14":{"name":"(anonymous_14)","decl":{"start":{"line":696,"column":46},"end":{"line":696,"column":47}},"loc":{"start":{"line":696,"column":66},"end":{"line":814,"column":1}},"line":696},"15":{"name":"(anonymous_15)","decl":{"start":{"line":738,"column":59},"end":{"line":738,"column":60}},"loc":{"start":{"line":738,"column":66},"end":{"line":738,"column":68}},"line":738},"16":{"name":"(anonymous_16)","decl":{"start":{"line":783,"column":58},"end":{"line":783,"column":59}},"loc":{"start":{"line":783,"column":65},"end":{"line":783,"column":67}},"line":783},"17":{"name":"(anonymous_17)","decl":{"start":{"line":817,"column":31},"end":{"line":817,"column":32}},"loc":{"start":{"line":817,"column":51},"end":{"line":903,"column":1}},"line":817},"18":{"name":"(anonymous_18)","decl":{"start":{"line":881,"column":46},"end":{"line":881,"column":47}},"loc":{"start":{"line":881,"column":51},"end":{"line":881,"column":63}},"line":881},"19":{"name":"(anonymous_19)","decl":{"start":{"line":908,"column":51},"end":{"line":908,"column":52}},"loc":{"start":{"line":908,"column":71},"end":{"line":1008,"column":1}},"line":908},"20":{"name":"(anonymous_20)","decl":{"start":{"line":983,"column":46},"end":{"line":983,"column":47}},"loc":{"start":{"line":983,"column":51},"end":{"line":983,"column":63}},"line":983},"21":{"name":"(anonymous_21)","decl":{"start":{"line":1013,"column":44},"end":{"line":1013,"column":45}},"loc":{"start":{"line":1013,"column":64},"end":{"line":1062,"column":1}},"line":1013},"22":{"name":"(anonymous_22)","decl":{"start":{"line":1067,"column":21},"end":{"line":1067,"column":22}},"loc":{"start":{"line":1067,"column":41},"end":{"line":1117,"column":1}},"line":1067},"23":{"name":"(anonymous_23)","decl":{"start":{"line":1122,"column":13},"end":{"line":1122,"column":14}},"loc":{"start":{"line":1122,"column":27},"end":{"line":1124,"column":1}},"line":1122},"24":{"name":"(anonymous_24)","decl":{"start":{"line":1131,"column":19},"end":{"line":1131,"column":20}},"loc":{"start":{"line":1131,"column":25},"end":{"line":1134,"column":3}},"line":1131}},"branchMap":{"0":{"loc":{"start":{"line":14,"column":13},"end":{"line":14,"column":37}},"type":"binary-expr","locations":[{"start":{"line":14,"column":13},"end":{"line":14,"column":29}},{"start":{"line":14,"column":33},"end":{"line":14,"column":37}}],"line":14},"1":{"loc":{"start":{"line":19,"column":48},"end":{"line":19,"column":64}},"type":"default-arg","locations":[{"start":{"line":19,"column":60},"end":{"line":19,"column":64}}],"line":19},"2":{"loc":{"start":{"line":26,"column":11},"end":{"line":26,"column":58}},"type":"binary-expr","locations":[{"start":{"line":26,"column":11},"end":{"line":26,"column":42}},{"start":{"line":26,"column":46},"end":{"line":26,"column":58}}],"line":26},"3":{"loc":{"start":{"line":33,"column":4},"end":{"line":39,"column":5}},"type":"if","locations":[{"start":{"line":33,"column":4},"end":{"line":39,"column":5}},{"start":{},"end":{}}],"line":33},"4":{"loc":{"start":{"line":65,"column":4},"end":{"line":77,"column":5}},"type":"if","locations":[{"start":{"line":65,"column":4},"end":{"line":77,"column":5}},{"start":{"line":68,"column":11},"end":{"line":77,"column":5}}],"line":65},"5":{"loc":{"start":{"line":68,"column":11},"end":{"line":77,"column":5}},"type":"if","locations":[{"start":{"line":68,"column":11},"end":{"line":77,"column":5}},{"start":{"line":71,"column":11},"end":{"line":77,"column":5}}],"line":68},"6":{"loc":{"start":{"line":71,"column":11},"end":{"line":77,"column":5}},"type":"if","locations":[{"start":{"line":71,"column":11},"end":{"line":77,"column":5}},{"start":{"line":74,"column":11},"end":{"line":77,"column":5}}],"line":71},"7":{"loc":{"start":{"line":96,"column":4},"end":{"line":98,"column":5}},"type":"if","locations":[{"start":{"line":96,"column":4},"end":{"line":98,"column":5}},{"start":{},"end":{}}],"line":96},"8":{"loc":{"start":{"line":116,"column":4},"end":{"line":121,"column":5}},"type":"if","locations":[{"start":{"line":116,"column":4},"end":{"line":121,"column":5}},{"start":{},"end":{}}],"line":116},"9":{"loc":{"start":{"line":123,"column":4},"end":{"line":128,"column":5}},"type":"if","locations":[{"start":{"line":123,"column":4},"end":{"line":128,"column":5}},{"start":{},"end":{}}],"line":123},"10":{"loc":{"start":{"line":130,"column":4},"end":{"line":135,"column":5}},"type":"if","locations":[{"start":{"line":130,"column":4},"end":{"line":135,"column":5}},{"start":{},"end":{}}],"line":130},"11":{"loc":{"start":{"line":157,"column":4},"end":{"line":164,"column":5}},"type":"if","locations":[{"start":{"line":157,"column":4},"end":{"line":164,"column":5}},{"start":{},"end":{}}],"line":157},"12":{"loc":{"start":{"line":161,"column":15},"end":{"line":161,"column":65}},"type":"binary-expr","locations":[{"start":{"line":161,"column":15},"end":{"line":161,"column":39}},{"start":{"line":161,"column":43},"end":{"line":161,"column":65}}],"line":161},"13":{"loc":{"start":{"line":162,"column":41},"end":{"line":162,"column":163}},"type":"binary-expr","locations":[{"start":{"line":162,"column":41},"end":{"line":162,"column":65}},{"start":{"line":162,"column":69},"end":{"line":162,"column":163}}],"line":162},"14":{"loc":{"start":{"line":167,"column":28},"end":{"line":167,"column":43}},"type":"binary-expr","locations":[{"start":{"line":167,"column":28},"end":{"line":167,"column":37}},{"start":{"line":167,"column":41},"end":{"line":167,"column":43}}],"line":167},"15":{"loc":{"start":{"line":191,"column":20},"end":{"line":191,"column":38}},"type":"default-arg","locations":[{"start":{"line":191,"column":27},"end":{"line":191,"column":38}}],"line":191},"16":{"loc":{"start":{"line":193,"column":4},"end":{"line":199,"column":5}},"type":"if","locations":[{"start":{"line":193,"column":4},"end":{"line":199,"column":5}},{"start":{},"end":{}}],"line":193},"17":{"loc":{"start":{"line":201,"column":4},"end":{"line":207,"column":5}},"type":"if","locations":[{"start":{"line":201,"column":4},"end":{"line":207,"column":5}},{"start":{},"end":{}}],"line":201},"18":{"loc":{"start":{"line":233,"column":4},"end":{"line":241,"column":5}},"type":"if","locations":[{"start":{"line":233,"column":4},"end":{"line":241,"column":5}},{"start":{},"end":{}}],"line":233},"19":{"loc":{"start":{"line":237,"column":15},"end":{"line":237,"column":59}},"type":"binary-expr","locations":[{"start":{"line":237,"column":15},"end":{"line":237,"column":39}},{"start":{"line":237,"column":43},"end":{"line":237,"column":59}}],"line":237},"20":{"loc":{"start":{"line":239,"column":27},"end":{"line":239,"column":126}},"type":"binary-expr","locations":[{"start":{"line":239,"column":27},"end":{"line":239,"column":51}},{"start":{"line":239,"column":55},"end":{"line":239,"column":126}}],"line":239},"21":{"loc":{"start":{"line":244,"column":17},"end":{"line":244,"column":56}},"type":"binary-expr","locations":[{"start":{"line":244,"column":17},"end":{"line":244,"column":50}},{"start":{"line":244,"column":54},"end":{"line":244,"column":56}}],"line":244},"22":{"loc":{"start":{"line":268,"column":20},"end":{"line":268,"column":44}},"type":"default-arg","locations":[{"start":{"line":268,"column":34},"end":{"line":268,"column":44}}],"line":268},"23":{"loc":{"start":{"line":268,"column":46},"end":{"line":268,"column":70}},"type":"default-arg","locations":[{"start":{"line":268,"column":62},"end":{"line":268,"column":70}}],"line":268},"24":{"loc":{"start":{"line":280,"column":38},"end":{"line":280,"column":72}},"type":"binary-expr","locations":[{"start":{"line":280,"column":38},"end":{"line":280,"column":52}},{"start":{"line":280,"column":56},"end":{"line":280,"column":72}}],"line":280},"25":{"loc":{"start":{"line":284,"column":39},"end":{"line":284,"column":86}},"type":"cond-expr","locations":[{"start":{"line":284,"column":54},"end":{"line":284,"column":67}},{"start":{"line":284,"column":70},"end":{"line":284,"column":86}}],"line":284},"26":{"loc":{"start":{"line":285,"column":46},"end":{"line":285,"column":74}},"type":"binary-expr","locations":[{"start":{"line":285,"column":46},"end":{"line":285,"column":69}},{"start":{"line":285,"column":73},"end":{"line":285,"column":74}}],"line":285},"27":{"loc":{"start":{"line":286,"column":41},"end":{"line":286,"column":78}},"type":"binary-expr","locations":[{"start":{"line":286,"column":41},"end":{"line":286,"column":69}},{"start":{"line":286,"column":73},"end":{"line":286,"column":78}}],"line":286},"28":{"loc":{"start":{"line":287,"column":39},"end":{"line":287,"column":72}},"type":"binary-expr","locations":[{"start":{"line":287,"column":39},"end":{"line":287,"column":63}},{"start":{"line":287,"column":67},"end":{"line":287,"column":72}}],"line":287},"29":{"loc":{"start":{"line":296,"column":4},"end":{"line":298,"column":5}},"type":"if","locations":[{"start":{"line":296,"column":4},"end":{"line":298,"column":5}},{"start":{},"end":{}}],"line":296},"30":{"loc":{"start":{"line":305,"column":42},"end":{"line":305,"column":101}},"type":"cond-expr","locations":[{"start":{"line":305,"column":56},"end":{"line":305,"column":92}},{"start":{"line":305,"column":95},"end":{"line":305,"column":101}}],"line":305},"31":{"loc":{"start":{"line":306,"column":43},"end":{"line":306,"column":67}},"type":"binary-expr","locations":[{"start":{"line":306,"column":43},"end":{"line":306,"column":62}},{"start":{"line":306,"column":66},"end":{"line":306,"column":67}}],"line":306},"32":{"loc":{"start":{"line":309,"column":4},"end":{"line":313,"column":5}},"type":"if","locations":[{"start":{"line":309,"column":4},"end":{"line":313,"column":5}},{"start":{},"end":{}}],"line":309},"33":{"loc":{"start":{"line":309,"column":8},"end":{"line":309,"column":57}},"type":"binary-expr","locations":[{"start":{"line":309,"column":8},"end":{"line":309,"column":20}},{"start":{"line":309,"column":24},"end":{"line":309,"column":57}}],"line":309},"34":{"loc":{"start":{"line":311,"column":39},"end":{"line":311,"column":69}},"type":"cond-expr","locations":[{"start":{"line":311,"column":48},"end":{"line":311,"column":56}},{"start":{"line":311,"column":59},"end":{"line":311,"column":69}}],"line":311},"35":{"loc":{"start":{"line":315,"column":4},"end":{"line":319,"column":5}},"type":"if","locations":[{"start":{"line":315,"column":4},"end":{"line":319,"column":5}},{"start":{},"end":{}}],"line":315},"36":{"loc":{"start":{"line":331,"column":6},"end":{"line":396,"column":7}},"type":"if","locations":[{"start":{"line":331,"column":6},"end":{"line":396,"column":7}},{"start":{"line":362,"column":11},"end":{"line":396,"column":7}}],"line":331},"37":{"loc":{"start":{"line":339,"column":26},"end":{"line":339,"column":43}},"type":"binary-expr","locations":[{"start":{"line":339,"column":26},"end":{"line":339,"column":37}},{"start":{"line":339,"column":41},"end":{"line":339,"column":43}}],"line":339},"38":{"loc":{"start":{"line":351,"column":8},"end":{"line":360,"column":9}},"type":"if","locations":[{"start":{"line":351,"column":8},"end":{"line":360,"column":9}},{"start":{},"end":{}}],"line":351},"39":{"loc":{"start":{"line":351,"column":12},"end":{"line":351,"column":62}},"type":"binary-expr","locations":[{"start":{"line":351,"column":12},"end":{"line":351,"column":26}},{"start":{"line":351,"column":30},"end":{"line":351,"column":62}}],"line":351},"40":{"loc":{"start":{"line":362,"column":11},"end":{"line":396,"column":7}},"type":"if","locations":[{"start":{"line":362,"column":11},"end":{"line":396,"column":7}},{"start":{"line":368,"column":11},"end":{"line":396,"column":7}}],"line":362},"41":{"loc":{"start":{"line":362,"column":15},"end":{"line":362,"column":66}},"type":"binary-expr","locations":[{"start":{"line":362,"column":15},"end":{"line":362,"column":39}},{"start":{"line":362,"column":43},"end":{"line":362,"column":66}}],"line":362},"42":{"loc":{"start":{"line":365,"column":24},"end":{"line":365,"column":42}},"type":"binary-expr","locations":[{"start":{"line":365,"column":24},"end":{"line":365,"column":36}},{"start":{"line":365,"column":40},"end":{"line":365,"column":42}}],"line":365},"43":{"loc":{"start":{"line":368,"column":11},"end":{"line":396,"column":7}},"type":"if","locations":[{"start":{"line":368,"column":11},"end":{"line":396,"column":7}},{"start":{"line":372,"column":11},"end":{"line":396,"column":7}}],"line":368},"44":{"loc":{"start":{"line":372,"column":11},"end":{"line":396,"column":7}},"type":"if","locations":[{"start":{"line":372,"column":11},"end":{"line":396,"column":7}},{"start":{"line":391,"column":11},"end":{"line":396,"column":7}}],"line":372},"45":{"loc":{"start":{"line":378,"column":8},"end":{"line":389,"column":9}},"type":"if","locations":[{"start":{"line":378,"column":8},"end":{"line":389,"column":9}},{"start":{"line":387,"column":15},"end":{"line":389,"column":9}}],"line":378},"46":{"loc":{"start":{"line":404,"column":6},"end":{"line":406,"column":7}},"type":"if","locations":[{"start":{"line":404,"column":6},"end":{"line":406,"column":7}},{"start":{},"end":{}}],"line":404},"47":{"loc":{"start":{"line":414,"column":4},"end":{"line":419,"column":5}},"type":"if","locations":[{"start":{"line":414,"column":4},"end":{"line":419,"column":5}},{"start":{},"end":{}}],"line":414},"48":{"loc":{"start":{"line":414,"column":8},"end":{"line":414,"column":59}},"type":"binary-expr","locations":[{"start":{"line":414,"column":8},"end":{"line":414,"column":22}},{"start":{"line":414,"column":26},"end":{"line":414,"column":59}}],"line":414},"49":{"loc":{"start":{"line":422,"column":36},"end":{"line":422,"column":89}},"type":"cond-expr","locations":[{"start":{"line":422,"column":55},"end":{"line":422,"column":83}},{"start":{"line":422,"column":86},"end":{"line":422,"column":89}}],"line":422},"50":{"loc":{"start":{"line":430,"column":4},"end":{"line":470,"column":5}},"type":"if","locations":[{"start":{"line":430,"column":4},"end":{"line":470,"column":5}},{"start":{"line":434,"column":11},"end":{"line":470,"column":5}}],"line":430},"51":{"loc":{"start":{"line":434,"column":11},"end":{"line":470,"column":5}},"type":"if","locations":[{"start":{"line":434,"column":11},"end":{"line":470,"column":5}},{"start":{"line":454,"column":11},"end":{"line":470,"column":5}}],"line":434},"52":{"loc":{"start":{"line":473,"column":4},"end":{"line":479,"column":5}},"type":"if","locations":[{"start":{"line":473,"column":4},"end":{"line":479,"column":5}},{"start":{"line":475,"column":11},"end":{"line":479,"column":5}}],"line":473},"53":{"loc":{"start":{"line":475,"column":11},"end":{"line":479,"column":5}},"type":"if","locations":[{"start":{"line":475,"column":11},"end":{"line":479,"column":5}},{"start":{"line":477,"column":11},"end":{"line":479,"column":5}}],"line":475},"54":{"loc":{"start":{"line":483,"column":4},"end":{"line":485,"column":5}},"type":"if","locations":[{"start":{"line":483,"column":4},"end":{"line":485,"column":5}},{"start":{},"end":{}}],"line":483},"55":{"loc":{"start":{"line":483,"column":8},"end":{"line":483,"column":62}},"type":"binary-expr","locations":[{"start":{"line":483,"column":8},"end":{"line":483,"column":34}},{"start":{"line":483,"column":38},"end":{"line":483,"column":62}}],"line":483},"56":{"loc":{"start":{"line":486,"column":4},"end":{"line":488,"column":5}},"type":"if","locations":[{"start":{"line":486,"column":4},"end":{"line":488,"column":5}},{"start":{},"end":{}}],"line":486},"57":{"loc":{"start":{"line":486,"column":8},"end":{"line":486,"column":66}},"type":"binary-expr","locations":[{"start":{"line":486,"column":8},"end":{"line":486,"column":36}},{"start":{"line":486,"column":40},"end":{"line":486,"column":66}}],"line":486},"58":{"loc":{"start":{"line":490,"column":24},"end":{"line":490,"column":131}},"type":"cond-expr","locations":[{"start":{"line":490,"column":53},"end":{"line":490,"column":126}},{"start":{"line":490,"column":129},"end":{"line":490,"column":131}}],"line":490},"59":{"loc":{"start":{"line":513,"column":21},"end":{"line":513,"column":57}},"type":"cond-expr","locations":[{"start":{"line":513,"column":48},"end":{"line":513,"column":51}},{"start":{"line":513,"column":54},"end":{"line":513,"column":57}}],"line":513},"60":{"loc":{"start":{"line":517,"column":4},"end":{"line":525,"column":5}},"type":"if","locations":[{"start":{"line":517,"column":4},"end":{"line":525,"column":5}},{"start":{},"end":{}}],"line":517},"61":{"loc":{"start":{"line":524,"column":22},"end":{"line":524,"column":87}},"type":"binary-expr","locations":[{"start":{"line":524,"column":22},"end":{"line":524,"column":40}},{"start":{"line":524,"column":44},"end":{"line":524,"column":87}}],"line":524},"62":{"loc":{"start":{"line":549,"column":4},"end":{"line":551,"column":5}},"type":"if","locations":[{"start":{"line":549,"column":4},"end":{"line":551,"column":5}},{"start":{},"end":{}}],"line":549},"63":{"loc":{"start":{"line":581,"column":20},"end":{"line":581,"column":44}},"type":"default-arg","locations":[{"start":{"line":581,"column":34},"end":{"line":581,"column":44}}],"line":581},"64":{"loc":{"start":{"line":581,"column":46},"end":{"line":581,"column":70}},"type":"default-arg","locations":[{"start":{"line":581,"column":62},"end":{"line":581,"column":70}}],"line":581},"65":{"loc":{"start":{"line":583,"column":4},"end":{"line":585,"column":5}},"type":"if","locations":[{"start":{"line":583,"column":4},"end":{"line":585,"column":5}},{"start":{},"end":{}}],"line":583},"66":{"loc":{"start":{"line":587,"column":4},"end":{"line":589,"column":5}},"type":"if","locations":[{"start":{"line":587,"column":4},"end":{"line":589,"column":5}},{"start":{},"end":{}}],"line":587},"67":{"loc":{"start":{"line":595,"column":4},"end":{"line":595,"column":47}},"type":"if","locations":[{"start":{"line":595,"column":4},"end":{"line":595,"column":47}},{"start":{},"end":{}}],"line":595},"68":{"loc":{"start":{"line":597,"column":4},"end":{"line":599,"column":5}},"type":"if","locations":[{"start":{"line":597,"column":4},"end":{"line":599,"column":5}},{"start":{},"end":{}}],"line":597},"69":{"loc":{"start":{"line":597,"column":8},"end":{"line":597,"column":59}},"type":"binary-expr","locations":[{"start":{"line":597,"column":8},"end":{"line":597,"column":22}},{"start":{"line":597,"column":26},"end":{"line":597,"column":59}}],"line":597},"70":{"loc":{"start":{"line":601,"column":36},"end":{"line":601,"column":89}},"type":"cond-expr","locations":[{"start":{"line":601,"column":55},"end":{"line":601,"column":83}},{"start":{"line":601,"column":86},"end":{"line":601,"column":89}}],"line":601},"71":{"loc":{"start":{"line":608,"column":4},"end":{"line":618,"column":5}},"type":"if","locations":[{"start":{"line":608,"column":4},"end":{"line":618,"column":5}},{"start":{"line":611,"column":11},"end":{"line":618,"column":5}}],"line":608},"72":{"loc":{"start":{"line":611,"column":11},"end":{"line":618,"column":5}},"type":"if","locations":[{"start":{"line":611,"column":11},"end":{"line":618,"column":5}},{"start":{"line":614,"column":11},"end":{"line":618,"column":5}}],"line":611},"73":{"loc":{"start":{"line":621,"column":4},"end":{"line":627,"column":5}},"type":"if","locations":[{"start":{"line":621,"column":4},"end":{"line":627,"column":5}},{"start":{"line":623,"column":11},"end":{"line":627,"column":5}}],"line":621},"74":{"loc":{"start":{"line":623,"column":11},"end":{"line":627,"column":5}},"type":"if","locations":[{"start":{"line":623,"column":11},"end":{"line":627,"column":5}},{"start":{"line":625,"column":11},"end":{"line":627,"column":5}}],"line":623},"75":{"loc":{"start":{"line":631,"column":4},"end":{"line":633,"column":5}},"type":"if","locations":[{"start":{"line":631,"column":4},"end":{"line":633,"column":5}},{"start":{},"end":{}}],"line":631},"76":{"loc":{"start":{"line":634,"column":4},"end":{"line":636,"column":5}},"type":"if","locations":[{"start":{"line":634,"column":4},"end":{"line":636,"column":5}},{"start":{},"end":{}}],"line":634},"77":{"loc":{"start":{"line":638,"column":24},"end":{"line":638,"column":131}},"type":"cond-expr","locations":[{"start":{"line":638,"column":53},"end":{"line":638,"column":126}},{"start":{"line":638,"column":129},"end":{"line":638,"column":131}}],"line":638},"78":{"loc":{"start":{"line":676,"column":21},"end":{"line":676,"column":57}},"type":"cond-expr","locations":[{"start":{"line":676,"column":48},"end":{"line":676,"column":51}},{"start":{"line":676,"column":54},"end":{"line":676,"column":57}}],"line":676},"79":{"loc":{"start":{"line":680,"column":4},"end":{"line":683,"column":5}},"type":"if","locations":[{"start":{"line":680,"column":4},"end":{"line":683,"column":5}},{"start":{},"end":{}}],"line":680},"80":{"loc":{"start":{"line":682,"column":24},"end":{"line":682,"column":84}},"type":"binary-expr","locations":[{"start":{"line":682,"column":24},"end":{"line":682,"column":42}},{"start":{"line":682,"column":46},"end":{"line":682,"column":84}}],"line":682},"81":{"loc":{"start":{"line":701,"column":4},"end":{"line":706,"column":5}},"type":"if","locations":[{"start":{"line":701,"column":4},"end":{"line":706,"column":5}},{"start":{},"end":{}}],"line":701},"82":{"loc":{"start":{"line":708,"column":4},"end":{"line":713,"column":5}},"type":"if","locations":[{"start":{"line":708,"column":4},"end":{"line":713,"column":5}},{"start":{},"end":{}}],"line":708},"83":{"loc":{"start":{"line":737,"column":6},"end":{"line":746,"column":7}},"type":"if","locations":[{"start":{"line":737,"column":6},"end":{"line":746,"column":7}},{"start":{},"end":{}}],"line":737},"84":{"loc":{"start":{"line":749,"column":25},"end":{"line":749,"column":50}},"type":"binary-expr","locations":[{"start":{"line":749,"column":25},"end":{"line":749,"column":44}},{"start":{"line":749,"column":48},"end":{"line":749,"column":50}}],"line":749},"85":{"loc":{"start":{"line":751,"column":6},"end":{"line":756,"column":7}},"type":"if","locations":[{"start":{"line":751,"column":6},"end":{"line":756,"column":7}},{"start":{},"end":{}}],"line":751},"86":{"loc":{"start":{"line":751,"column":10},"end":{"line":751,"column":54}},"type":"binary-expr","locations":[{"start":{"line":751,"column":10},"end":{"line":751,"column":21}},{"start":{"line":751,"column":25},"end":{"line":751,"column":54}}],"line":751},"87":{"loc":{"start":{"line":782,"column":6},"end":{"line":790,"column":7}},"type":"if","locations":[{"start":{"line":782,"column":6},"end":{"line":790,"column":7}},{"start":{},"end":{}}],"line":782},"88":{"loc":{"start":{"line":793,"column":22},"end":{"line":793,"column":78}},"type":"binary-expr","locations":[{"start":{"line":793,"column":22},"end":{"line":793,"column":64}},{"start":{"line":793,"column":68},"end":{"line":793,"column":78}}],"line":793},"89":{"loc":{"start":{"line":821,"column":4},"end":{"line":826,"column":5}},"type":"if","locations":[{"start":{"line":821,"column":4},"end":{"line":826,"column":5}},{"start":{},"end":{}}],"line":821},"90":{"loc":{"start":{"line":828,"column":4},"end":{"line":833,"column":5}},"type":"if","locations":[{"start":{"line":828,"column":4},"end":{"line":833,"column":5}},{"start":{},"end":{}}],"line":828},"91":{"loc":{"start":{"line":828,"column":8},"end":{"line":828,"column":57}},"type":"binary-expr","locations":[{"start":{"line":828,"column":8},"end":{"line":828,"column":18}},{"start":{"line":828,"column":22},"end":{"line":828,"column":57}}],"line":828},"92":{"loc":{"start":{"line":844,"column":6},"end":{"line":847,"column":7}},"type":"if","locations":[{"start":{"line":844,"column":6},"end":{"line":847,"column":7}},{"start":{},"end":{}}],"line":844},"93":{"loc":{"start":{"line":865,"column":26},"end":{"line":865,"column":71}},"type":"binary-expr","locations":[{"start":{"line":865,"column":26},"end":{"line":865,"column":65}},{"start":{"line":865,"column":69},"end":{"line":865,"column":71}}],"line":865},"94":{"loc":{"start":{"line":866,"column":6},"end":{"line":868,"column":7}},"type":"if","locations":[{"start":{"line":866,"column":6},"end":{"line":868,"column":7}},{"start":{},"end":{}}],"line":866},"95":{"loc":{"start":{"line":872,"column":6},"end":{"line":878,"column":7}},"type":"if","locations":[{"start":{"line":872,"column":6},"end":{"line":878,"column":7}},{"start":{},"end":{}}],"line":872},"96":{"loc":{"start":{"line":880,"column":28},"end":{"line":880,"column":55}},"type":"binary-expr","locations":[{"start":{"line":880,"column":28},"end":{"line":880,"column":49}},{"start":{"line":880,"column":53},"end":{"line":880,"column":55}}],"line":880},"97":{"loc":{"start":{"line":881,"column":28},"end":{"line":881,"column":110}},"type":"binary-expr","locations":[{"start":{"line":881,"column":28},"end":{"line":881,"column":82}},{"start":{"line":881,"column":86},"end":{"line":881,"column":110}}],"line":881},"98":{"loc":{"start":{"line":917,"column":4},"end":{"line":947,"column":5}},"type":"if","locations":[{"start":{"line":917,"column":4},"end":{"line":947,"column":5}},{"start":{"line":929,"column":11},"end":{"line":947,"column":5}}],"line":917},"99":{"loc":{"start":{"line":921,"column":6},"end":{"line":924,"column":7}},"type":"if","locations":[{"start":{"line":921,"column":6},"end":{"line":924,"column":7}},{"start":{},"end":{}}],"line":921},"100":{"loc":{"start":{"line":927,"column":30},"end":{"line":927,"column":64}},"type":"binary-expr","locations":[{"start":{"line":927,"column":30},"end":{"line":927,"column":48}},{"start":{"line":927,"column":52},"end":{"line":927,"column":64}}],"line":927},"101":{"loc":{"start":{"line":929,"column":11},"end":{"line":947,"column":5}},"type":"if","locations":[{"start":{"line":929,"column":11},"end":{"line":947,"column":5}},{"start":{"line":942,"column":11},"end":{"line":947,"column":5}}],"line":929},"102":{"loc":{"start":{"line":935,"column":6},"end":{"line":938,"column":7}},"type":"if","locations":[{"start":{"line":935,"column":6},"end":{"line":938,"column":7}},{"start":{},"end":{}}],"line":935},"103":{"loc":{"start":{"line":966,"column":26},"end":{"line":966,"column":71}},"type":"binary-expr","locations":[{"start":{"line":966,"column":26},"end":{"line":966,"column":65}},{"start":{"line":966,"column":69},"end":{"line":966,"column":71}}],"line":966},"104":{"loc":{"start":{"line":967,"column":6},"end":{"line":970,"column":7}},"type":"if","locations":[{"start":{"line":967,"column":6},"end":{"line":970,"column":7}},{"start":{},"end":{}}],"line":967},"105":{"loc":{"start":{"line":974,"column":6},"end":{"line":980,"column":7}},"type":"if","locations":[{"start":{"line":974,"column":6},"end":{"line":980,"column":7}},{"start":{},"end":{}}],"line":974},"106":{"loc":{"start":{"line":982,"column":28},"end":{"line":982,"column":55}},"type":"binary-expr","locations":[{"start":{"line":982,"column":28},"end":{"line":982,"column":49}},{"start":{"line":982,"column":53},"end":{"line":982,"column":55}}],"line":982},"107":{"loc":{"start":{"line":983,"column":28},"end":{"line":984,"column":86}},"type":"binary-expr","locations":[{"start":{"line":983,"column":28},"end":{"line":983,"column":82}},{"start":{"line":984,"column":11},"end":{"line":984,"column":86}}],"line":983},"108":{"loc":{"start":{"line":1018,"column":4},"end":{"line":1020,"column":5}},"type":"if","locations":[{"start":{"line":1018,"column":4},"end":{"line":1020,"column":5}},{"start":{},"end":{}}],"line":1018},"109":{"loc":{"start":{"line":1021,"column":4},"end":{"line":1023,"column":5}},"type":"if","locations":[{"start":{"line":1021,"column":4},"end":{"line":1023,"column":5}},{"start":{},"end":{}}],"line":1021},"110":{"loc":{"start":{"line":1027,"column":26},"end":{"line":1027,"column":43}},"type":"binary-expr","locations":[{"start":{"line":1027,"column":26},"end":{"line":1027,"column":37}},{"start":{"line":1027,"column":41},"end":{"line":1027,"column":43}}],"line":1027},"111":{"loc":{"start":{"line":1030,"column":4},"end":{"line":1032,"column":5}},"type":"if","locations":[{"start":{"line":1030,"column":4},"end":{"line":1032,"column":5}},{"start":{},"end":{}}],"line":1030},"112":{"loc":{"start":{"line":1052,"column":4},"end":{"line":1054,"column":5}},"type":"if","locations":[{"start":{"line":1052,"column":4},"end":{"line":1054,"column":5}},{"start":{},"end":{}}],"line":1052},"113":{"loc":{"start":{"line":1057,"column":21},"end":{"line":1057,"column":99}},"type":"binary-expr","locations":[{"start":{"line":1057,"column":21},"end":{"line":1057,"column":63}},{"start":{"line":1057,"column":67},"end":{"line":1057,"column":99}}],"line":1057},"114":{"loc":{"start":{"line":1069,"column":18},"end":{"line":1069,"column":33}},"type":"default-arg","locations":[{"start":{"line":1069,"column":29},"end":{"line":1069,"column":33}}],"line":1069},"115":{"loc":{"start":{"line":1069,"column":35},"end":{"line":1069,"column":44}},"type":"default-arg","locations":[{"start":{"line":1069,"column":43},"end":{"line":1069,"column":44}}],"line":1069},"116":{"loc":{"start":{"line":1071,"column":4},"end":{"line":1076,"column":5}},"type":"if","locations":[{"start":{"line":1071,"column":4},"end":{"line":1076,"column":5}},{"start":{},"end":{}}],"line":1071},"117":{"loc":{"start":{"line":1071,"column":8},"end":{"line":1071,"column":41}},"type":"binary-expr","locations":[{"start":{"line":1071,"column":8},"end":{"line":1071,"column":13}},{"start":{"line":1071,"column":17},"end":{"line":1071,"column":41}}],"line":1071},"118":{"loc":{"start":{"line":1078,"column":4},"end":{"line":1083,"column":5}},"type":"if","locations":[{"start":{"line":1078,"column":4},"end":{"line":1083,"column":5}},{"start":{},"end":{}}],"line":1078},"119":{"loc":{"start":{"line":1095,"column":4},"end":{"line":1100,"column":5}},"type":"if","locations":[{"start":{"line":1095,"column":4},"end":{"line":1100,"column":5}},{"start":{},"end":{}}],"line":1095},"120":{"loc":{"start":{"line":1130,"column":0},"end":{"line":1135,"column":1}},"type":"if","locations":[{"start":{"line":1130,"column":0},"end":{"line":1135,"column":1}},{"start":{},"end":{}}],"line":1130}},"s":{"0":3,"1":3,"2":3,"3":3,"4":3,"5":3,"6":3,"7":3,"8":3,"9":3,"10":3,"11":3,"12":3,"13":1,"14":1,"15":1,"16":1,"17":1,"18":1,"19":0,"20":0,"21":0,"22":0,"23":0,"24":1,"25":1,"26":3,"27":3,"28":214,"29":214,"30":0,"31":0,"32":0,"33":0,"34":0,"35":0,"36":3,"37":3,"38":3,"39":3,"40":3,"41":0,"42":0,"43":3,"44":15,"45":3,"46":25,"47":25,"48":25,"49":25,"50":3,"51":22,"52":3,"53":19,"54":5,"55":14,"56":14,"57":14,"58":14,"59":14,"60":14,"61":5,"62":3,"63":0,"64":3,"65":3,"66":2,"67":2,"68":2,"69":9,"70":9,"71":3,"72":77,"73":77,"74":77,"75":77,"76":6,"77":71,"78":3,"79":68,"80":53,"81":2,"82":2,"83":2,"84":51,"85":50,"86":50,"87":16,"88":16,"89":3,"90":27,"91":27,"92":27,"93":27,"94":27,"95":27,"96":27,"97":27,"98":27,"99":27,"100":27,"101":27,"102":27,"103":27,"104":27,"105":27,"106":27,"107":27,"108":27,"109":27,"110":27,"111":27,"112":27,"113":27,"114":27,"115":27,"116":27,"117":27,"118":27,"119":3,"120":24,"121":24,"122":24,"123":24,"124":24,"125":24,"126":24,"127":2,"128":2,"129":2,"130":22,"131":2,"132":2,"133":2,"134":20,"135":20,"136":20,"137":20,"138":20,"139":20,"140":20,"141":0,"142":0,"143":0,"144":0,"145":0,"146":0,"147":0,"148":0,"149":0,"150":0,"151":0,"152":0,"153":0,"154":0,"155":0,"156":0,"157":0,"158":0,"159":0,"160":20,"161":0,"162":0,"163":0,"164":20,"165":16,"166":4,"167":0,"168":0,"169":0,"170":0,"171":0,"172":0,"173":0,"174":4,"175":0,"176":0,"177":0,"178":0,"179":0,"180":0,"181":16,"182":0,"183":16,"184":16,"185":16,"186":16,"187":16,"188":16,"189":16,"190":1,"191":1,"192":1,"193":15,"194":1,"195":1,"196":1,"197":14,"198":14,"199":14,"200":16,"201":16,"202":1,"203":15,"204":1,"205":14,"206":16,"207":16,"208":1,"209":16,"210":1,"211":16,"212":2,"213":16,"214":16,"215":15,"216":0,"217":0,"218":0,"219":15,"220":15,"221":1,"222":1,"223":3,"224":10,"225":10,"226":10,"227":2,"228":8,"229":4,"230":4,"231":4,"232":3,"233":3,"234":3,"235":3,"236":3,"237":2,"238":1,"239":1,"240":0,"241":0,"242":0,"243":0,"244":0,"245":0,"246":0,"247":0,"248":0,"249":0,"250":0,"251":0,"252":0,"253":0,"254":0,"255":0,"256":0,"257":0,"258":0,"259":0,"260":0,"261":0,"262":0,"263":0,"264":0,"265":0,"266":0,"267":0,"268":0,"269":0,"270":0,"271":0,"272":0,"273":0,"274":0,"275":0,"276":0,"277":0,"278":0,"279":0,"280":0,"281":0,"282":0,"283":3,"284":5,"285":5,"286":5,"287":5,"288":2,"289":3,"290":1,"291":2,"292":2,"293":2,"294":2,"295":2,"296":2,"297":2,"298":2,"299":1,"300":1,"301":0,"302":1,"303":1,"304":0,"305":0,"306":0,"307":0,"308":0,"309":0,"310":0,"311":0,"312":0,"313":0,"314":0,"315":0,"316":0,"317":1,"318":1,"319":1,"320":1,"321":3,"322":7,"323":7,"324":7,"325":1,"326":6,"327":2,"328":4,"329":4,"330":4,"331":4,"332":4,"333":0,"334":0,"335":4,"336":4,"337":4,"338":4,"339":4,"340":4,"341":4,"342":4,"343":2,"344":2,"345":0,"346":2,"347":2,"348":1,"349":1,"350":1,"351":1,"352":1,"353":1,"354":2,"355":2,"356":0,"357":0,"358":3,"359":11,"360":11,"361":11,"362":11,"363":11,"364":7,"365":7,"366":0,"367":0,"368":7,"369":7,"370":7,"371":4,"372":1,"373":1,"374":1,"375":1,"376":1,"377":1,"378":1,"379":3,"380":8,"381":8,"382":8,"383":8,"384":8,"385":8,"386":8,"387":8,"388":8,"389":5,"390":5,"391":1,"392":1,"393":4,"394":4,"395":1,"396":1,"397":3,"398":3,"399":3,"400":3,"401":4,"402":4,"403":0,"404":0,"405":3,"406":0,"407":0,"408":0,"409":0,"410":0,"411":0,"412":0,"413":0,"414":0,"415":0,"416":0,"417":0,"418":0,"419":0,"420":0,"421":0,"422":0,"423":0,"424":0,"425":0,"426":3,"427":29,"428":29,"429":29,"430":6,"431":23,"432":2,"433":21,"434":21,"435":21,"436":19,"437":2,"438":17,"439":1,"440":1,"441":1,"442":18,"443":18,"444":3,"445":1,"446":3,"447":3,"448":0,"449":0,"450":0},"f":{"0":1,"1":214,"2":0,"3":15,"4":25,"5":0,"6":77,"7":27,"8":16,"9":2,"10":10,"11":3,"12":0,"13":0,"14":5,"15":0,"16":0,"17":7,"18":1,"19":11,"20":3,"21":0,"22":29,"23":1,"24":0},"b":{"0":[3,0],"1":[1],"2":[1,1],"3":[0,0],"4":[214,0],"5":[0,0],"6":[0,0],"7":[0,0],"8":[3,22],"9":[3,19],"10":[5,14],"11":[3,2],"12":[3,0],"13":[3,0],"14":[2,1],"15":[77],"16":[6,71],"17":[3,68],"18":[2,51],"19":[2,0],"20":[2,0],"21":[50,0],"22":[22],"23":[25],"24":[27,2],"25":[25,2],"26":[27,2],"27":[27,4],"28":[27,2],"29":[3,24],"30":[22,2],"31":[24,2],"32":[2,22],"33":[24,22],"34":[0,2],"35":[2,20],"36":[0,20],"37":[0,0],"38":[0,0],"39":[0,0],"40":[0,20],"41":[20,20],"42":[0,0],"43":[16,4],"44":[0,4],"45":[0,0],"46":[0,0],"47":[0,16],"48":[16,16],"49":[0,16],"50":[1,15],"51":[1,14],"52":[1,15],"53":[1,14],"54":[1,15],"55":[16,15],"56":[1,15],"57":[16,15],"58":[1,15],"59":[1,15],"60":[0,15],"61":[0,0],"62":[2,8],"63":[3],"64":[3],"65":[2,1],"66":[1,0],"67":[0,0],"68":[0,0],"69":[0,0],"70":[0,0],"71":[0,0],"72":[0,0],"73":[0,0],"74":[0,0],"75":[0,0],"76":[0,0],"77":[0,0],"78":[0,0],"79":[0,0],"80":[0,0],"81":[2,3],"82":[1,2],"83":[1,0],"84":[0,0],"85":[0,0],"86":[0,0],"87":[0,0],"88":[0,0],"89":[1,6],"90":[2,4],"91":[6,5],"92":[0,4],"93":[2,0],"94":[0,2],"95":[1,1],"96":[1,0],"97":[1,0],"98":[7,4],"99":[0,7],"100":[7,0],"101":[1,3],"102":[1,0],"103":[5,0],"104":[1,4],"105":[1,3],"106":[3,0],"107":[3,0],"108":[0,0],"109":[0,0],"110":[0,0],"111":[0,0],"112":[0,0],"113":[0,0],"114":[26],"115":[29],"116":[6,23],"117":[29,26],"118":[2,21],"119":[2,17],"120":[0,3]},"_coverageSchema":"1a1c01bbd47fc00a2c39e90264f33305004495a9","hash":"dacbbaf953d4095cd16e475102fd846ccc070040"}
}
