TN:
SF:server.js
FN:19,compressImageForOCR
FN:64,(anonymous_1)
FN:95,(anonymous_2)
FN:103,(anonymous_3)
FN:110,(anonymous_4)
FN:158,(anonymous_5)
FN:187,(anonymous_6)
FN:265,(anonymous_7)
FN:422,(anonymous_8)
FN:490,(anonymous_9)
FN:545,(anonymous_10)
FN:578,(anonymous_11)
FN:601,(anonymous_12)
FN:638,(anonymous_13)
FN:696,(anonymous_14)
FN:738,(anonymous_15)
FN:783,(anonymous_16)
FN:817,(anonymous_17)
FN:881,(anonymous_18)
FN:908,(anonymous_19)
FN:983,(anonymous_20)
FN:1013,(anonymous_21)
FN:1067,(anonymous_22)
FN:1122,(anonymous_23)
FN:1131,(anonymous_24)
FNF:25
FNH:17
FNDA:1,compressImageForOCR
FNDA:214,(anonymous_1)
FNDA:0,(anonymous_2)
FNDA:15,(anonymous_3)
FNDA:25,(anonymous_4)
FNDA:0,(anonymous_5)
FNDA:77,(anonymous_6)
FNDA:27,(anonymous_7)
FNDA:16,(anonymous_8)
FNDA:2,(anonymous_9)
FNDA:10,(anonymous_10)
FNDA:3,(anonymous_11)
FNDA:0,(anonymous_12)
FNDA:0,(anonymous_13)
FNDA:5,(anonymous_14)
FNDA:0,(anonymous_15)
FNDA:0,(anonymous_16)
FNDA:7,(anonymous_17)
FNDA:1,(anonymous_18)
FNDA:11,(anonymous_19)
FNDA:3,(anonymous_20)
FNDA:0,(anonymous_21)
FNDA:29,(anonymous_22)
FNDA:1,(anonymous_23)
FNDA:0,(anonymous_24)
DA:1,3
DA:2,3
DA:3,3
DA:4,3
DA:5,3
DA:6,3
DA:7,3
DA:8,3
DA:9,3
DA:10,3
DA:11,3
DA:13,3
DA:14,3
DA:20,1
DA:21,1
DA:22,1
DA:23,1
DA:26,1
DA:27,1
DA:30,0
DA:33,0
DA:35,0
DA:41,0
DA:42,0
DA:44,1
DA:46,1
DA:53,3
DA:63,3
DA:65,214
DA:67,214
DA:68,0
DA:70,0
DA:71,0
DA:73,0
DA:75,0
DA:76,0
DA:86,3
DA:89,3
DA:90,3
DA:91,3
DA:94,3
DA:96,0
DA:97,0
DA:103,3
DA:104,15
DA:110,3
DA:111,25
DA:113,25
DA:114,25
DA:116,25
DA:117,3
DA:123,22
DA:124,3
DA:130,19
DA:131,5
DA:138,14
DA:139,14
DA:141,14
DA:145,14
DA:146,14
DA:149,14
DA:157,5
DA:158,3
DA:159,3
DA:160,3
DA:166,2
DA:167,2
DA:169,2
DA:176,9
DA:177,9
DA:187,3
DA:188,77
DA:190,77
DA:191,77
DA:193,77
DA:194,6
DA:201,71
DA:202,3
DA:210,68
DA:233,53
DA:234,2
DA:235,2
DA:236,2
DA:243,51
DA:244,50
DA:246,50
DA:253,16
DA:254,16
DA:265,3
DA:266,27
DA:267,27
DA:268,27
DA:270,27
DA:271,27
DA:272,27
DA:273,27
DA:274,27
DA:275,27
DA:276,27
DA:277,27
DA:278,27
DA:279,27
DA:280,27
DA:281,27
DA:282,27
DA:283,27
DA:284,27
DA:285,27
DA:286,27
DA:287,27
DA:288,27
DA:289,27
DA:290,27
DA:291,27
DA:292,27
DA:293,27
DA:294,27
DA:296,27
DA:297,3
DA:301,24
DA:303,24
DA:304,24
DA:305,24
DA:306,24
DA:307,24
DA:309,24
DA:310,2
DA:311,2
DA:312,2
DA:315,22
DA:316,2
DA:317,2
DA:318,2
DA:321,20
DA:322,20
DA:325,20
DA:326,20
DA:327,20
DA:329,20
DA:331,20
DA:332,0
DA:333,0
DA:334,0
DA:336,0
DA:337,0
DA:338,0
DA:339,0
DA:340,0
DA:341,0
DA:343,0
DA:344,0
DA:345,0
DA:346,0
DA:347,0
DA:351,0
DA:352,0
DA:353,0
DA:355,0
DA:356,0
DA:362,20
DA:364,0
DA:365,0
DA:366,0
DA:368,20
DA:370,16
DA:372,4
DA:374,0
DA:375,0
DA:378,0
DA:379,0
DA:381,0
DA:386,0
DA:388,0
DA:392,4
DA:398,0
DA:399,0
DA:402,0
DA:404,0
DA:405,0
DA:408,0
DA:414,16
DA:415,0
DA:422,16
DA:423,16
DA:426,16
DA:427,16
DA:428,16
DA:430,16
DA:431,1
DA:432,1
DA:433,1
DA:434,15
DA:435,1
DA:436,1
DA:453,1
DA:455,14
DA:456,14
DA:469,14
DA:472,16
DA:473,16
DA:474,1
DA:475,15
DA:476,1
DA:478,14
DA:482,16
DA:483,16
DA:484,1
DA:486,16
DA:487,1
DA:490,16
DA:493,16
DA:503,16
DA:517,15
DA:518,0
DA:519,0
DA:524,0
DA:527,15
DA:528,15
DA:534,1
DA:535,1
DA:545,3
DA:546,10
DA:547,10
DA:549,10
DA:550,2
DA:554,8
DA:567,4
DA:568,4
DA:571,4
DA:578,3
DA:579,3
DA:580,3
DA:581,3
DA:583,3
DA:584,2
DA:587,1
DA:588,1
DA:591,0
DA:592,0
DA:593,0
DA:594,0
DA:595,0
DA:597,0
DA:598,0
DA:601,0
DA:602,0
DA:605,0
DA:606,0
DA:608,0
DA:609,0
DA:610,0
DA:611,0
DA:612,0
DA:613,0
DA:616,0
DA:617,0
DA:620,0
DA:621,0
DA:622,0
DA:623,0
DA:624,0
DA:626,0
DA:630,0
DA:631,0
DA:632,0
DA:634,0
DA:635,0
DA:638,0
DA:641,0
DA:666,0
DA:680,0
DA:681,0
DA:682,0
DA:685,0
DA:686,0
DA:688,0
DA:689,0
DA:696,3
DA:697,5
DA:698,5
DA:699,5
DA:701,5
DA:702,2
DA:708,3
DA:709,1
DA:715,2
DA:718,2
DA:719,2
DA:720,2
DA:722,2
DA:726,2
DA:727,2
DA:729,2
DA:737,1
DA:738,1
DA:739,1
DA:742,1
DA:748,0
DA:749,0
DA:751,0
DA:752,0
DA:759,0
DA:782,0
DA:783,0
DA:784,0
DA:786,0
DA:792,0
DA:793,0
DA:795,0
DA:803,1
DA:804,1
DA:808,1
DA:809,1
DA:817,3
DA:818,7
DA:819,7
DA:821,7
DA:822,1
DA:828,6
DA:829,2
DA:836,4
DA:837,4
DA:840,4
DA:841,4
DA:844,4
DA:845,0
DA:846,0
DA:850,4
DA:851,4
DA:853,4
DA:854,4
DA:855,4
DA:856,4
DA:857,4
DA:859,4
DA:865,2
DA:866,2
DA:867,0
DA:870,2
DA:872,2
DA:873,1
DA:874,1
DA:880,1
DA:881,1
DA:883,1
DA:889,2
DA:890,2
DA:897,0
DA:898,0
DA:908,3
DA:909,11
DA:910,11
DA:911,11
DA:915,11
DA:917,11
DA:918,7
DA:921,7
DA:922,0
DA:923,0
DA:926,7
DA:927,7
DA:928,7
DA:929,4
DA:931,1
DA:932,1
DA:935,1
DA:936,1
DA:937,1
DA:940,1
DA:941,1
DA:943,3
DA:950,8
DA:951,8
DA:952,8
DA:953,8
DA:954,8
DA:955,8
DA:956,8
DA:957,8
DA:959,8
DA:966,5
DA:967,5
DA:968,1
DA:969,1
DA:972,4
DA:974,4
DA:975,1
DA:976,1
DA:982,3
DA:983,3
DA:986,3
DA:992,4
DA:995,4
DA:1002,0
DA:1003,0
DA:1013,3
DA:1014,0
DA:1015,0
DA:1016,0
DA:1018,0
DA:1019,0
DA:1021,0
DA:1022,0
DA:1025,0
DA:1026,0
DA:1027,0
DA:1028,0
DA:1030,0
DA:1031,0
DA:1035,0
DA:1052,0
DA:1053,0
DA:1056,0
DA:1057,0
DA:1059,0
DA:1060,0
DA:1067,3
DA:1068,29
DA:1069,29
DA:1071,29
DA:1072,6
DA:1078,23
DA:1079,2
DA:1086,21
DA:1087,21
DA:1089,21
DA:1095,19
DA:1096,2
DA:1103,17
DA:1106,1
DA:1107,1
DA:1108,1
DA:1111,18
DA:1112,18
DA:1122,3
DA:1123,1
DA:1127,3
DA:1130,3
DA:1131,0
DA:1132,0
DA:1133,0
LF:441
LH:305
BRDA:14,0,0,3
BRDA:14,0,1,0
BRDA:19,1,0,1
BRDA:26,2,0,1
BRDA:26,2,1,1
BRDA:33,3,0,0
BRDA:33,3,1,0
BRDA:65,4,0,214
BRDA:65,4,1,0
BRDA:68,5,0,0
BRDA:68,5,1,0
BRDA:71,6,0,0
BRDA:71,6,1,0
BRDA:96,7,0,0
BRDA:96,7,1,0
BRDA:116,8,0,3
BRDA:116,8,1,22
BRDA:123,9,0,3
BRDA:123,9,1,19
BRDA:130,10,0,5
BRDA:130,10,1,14
BRDA:157,11,0,3
BRDA:157,11,1,2
BRDA:161,12,0,3
BRDA:161,12,1,0
BRDA:162,13,0,3
BRDA:162,13,1,0
BRDA:167,14,0,2
BRDA:167,14,1,1
BRDA:191,15,0,77
BRDA:193,16,0,6
BRDA:193,16,1,71
BRDA:201,17,0,3
BRDA:201,17,1,68
BRDA:233,18,0,2
BRDA:233,18,1,51
BRDA:237,19,0,2
BRDA:237,19,1,0
BRDA:239,20,0,2
BRDA:239,20,1,0
BRDA:244,21,0,50
BRDA:244,21,1,0
BRDA:268,22,0,22
BRDA:268,23,0,25
BRDA:280,24,0,27
BRDA:280,24,1,2
BRDA:284,25,0,25
BRDA:284,25,1,2
BRDA:285,26,0,27
BRDA:285,26,1,2
BRDA:286,27,0,27
BRDA:286,27,1,4
BRDA:287,28,0,27
BRDA:287,28,1,2
BRDA:296,29,0,3
BRDA:296,29,1,24
BRDA:305,30,0,22
BRDA:305,30,1,2
BRDA:306,31,0,24
BRDA:306,31,1,2
BRDA:309,32,0,2
BRDA:309,32,1,22
BRDA:309,33,0,24
BRDA:309,33,1,22
BRDA:311,34,0,0
BRDA:311,34,1,2
BRDA:315,35,0,2
BRDA:315,35,1,20
BRDA:331,36,0,0
BRDA:331,36,1,20
BRDA:339,37,0,0
BRDA:339,37,1,0
BRDA:351,38,0,0
BRDA:351,38,1,0
BRDA:351,39,0,0
BRDA:351,39,1,0
BRDA:362,40,0,0
BRDA:362,40,1,20
BRDA:362,41,0,20
BRDA:362,41,1,20
BRDA:365,42,0,0
BRDA:365,42,1,0
BRDA:368,43,0,16
BRDA:368,43,1,4
BRDA:372,44,0,0
BRDA:372,44,1,4
BRDA:378,45,0,0
BRDA:378,45,1,0
BRDA:404,46,0,0
BRDA:404,46,1,0
BRDA:414,47,0,0
BRDA:414,47,1,16
BRDA:414,48,0,16
BRDA:414,48,1,16
BRDA:422,49,0,0
BRDA:422,49,1,16
BRDA:430,50,0,1
BRDA:430,50,1,15
BRDA:434,51,0,1
BRDA:434,51,1,14
BRDA:473,52,0,1
BRDA:473,52,1,15
BRDA:475,53,0,1
BRDA:475,53,1,14
BRDA:483,54,0,1
BRDA:483,54,1,15
BRDA:483,55,0,16
BRDA:483,55,1,15
BRDA:486,56,0,1
BRDA:486,56,1,15
BRDA:486,57,0,16
BRDA:486,57,1,15
BRDA:490,58,0,1
BRDA:490,58,1,15
BRDA:513,59,0,1
BRDA:513,59,1,15
BRDA:517,60,0,0
BRDA:517,60,1,15
BRDA:524,61,0,0
BRDA:524,61,1,0
BRDA:549,62,0,2
BRDA:549,62,1,8
BRDA:581,63,0,3
BRDA:581,64,0,3
BRDA:583,65,0,2
BRDA:583,65,1,1
BRDA:587,66,0,1
BRDA:587,66,1,0
BRDA:595,67,0,0
BRDA:595,67,1,0
BRDA:597,68,0,0
BRDA:597,68,1,0
BRDA:597,69,0,0
BRDA:597,69,1,0
BRDA:601,70,0,0
BRDA:601,70,1,0
BRDA:608,71,0,0
BRDA:608,71,1,0
BRDA:611,72,0,0
BRDA:611,72,1,0
BRDA:621,73,0,0
BRDA:621,73,1,0
BRDA:623,74,0,0
BRDA:623,74,1,0
BRDA:631,75,0,0
BRDA:631,75,1,0
BRDA:634,76,0,0
BRDA:634,76,1,0
BRDA:638,77,0,0
BRDA:638,77,1,0
BRDA:676,78,0,0
BRDA:676,78,1,0
BRDA:680,79,0,0
BRDA:680,79,1,0
BRDA:682,80,0,0
BRDA:682,80,1,0
BRDA:701,81,0,2
BRDA:701,81,1,3
BRDA:708,82,0,1
BRDA:708,82,1,2
BRDA:737,83,0,1
BRDA:737,83,1,0
BRDA:749,84,0,0
BRDA:749,84,1,0
BRDA:751,85,0,0
BRDA:751,85,1,0
BRDA:751,86,0,0
BRDA:751,86,1,0
BRDA:782,87,0,0
BRDA:782,87,1,0
BRDA:793,88,0,0
BRDA:793,88,1,0
BRDA:821,89,0,1
BRDA:821,89,1,6
BRDA:828,90,0,2
BRDA:828,90,1,4
BRDA:828,91,0,6
BRDA:828,91,1,5
BRDA:844,92,0,0
BRDA:844,92,1,4
BRDA:865,93,0,2
BRDA:865,93,1,0
BRDA:866,94,0,0
BRDA:866,94,1,2
BRDA:872,95,0,1
BRDA:872,95,1,1
BRDA:880,96,0,1
BRDA:880,96,1,0
BRDA:881,97,0,1
BRDA:881,97,1,0
BRDA:917,98,0,7
BRDA:917,98,1,4
BRDA:921,99,0,0
BRDA:921,99,1,7
BRDA:927,100,0,7
BRDA:927,100,1,0
BRDA:929,101,0,1
BRDA:929,101,1,3
BRDA:935,102,0,1
BRDA:935,102,1,0
BRDA:966,103,0,5
BRDA:966,103,1,0
BRDA:967,104,0,1
BRDA:967,104,1,4
BRDA:974,105,0,1
BRDA:974,105,1,3
BRDA:982,106,0,3
BRDA:982,106,1,0
BRDA:983,107,0,3
BRDA:983,107,1,0
BRDA:1018,108,0,0
BRDA:1018,108,1,0
BRDA:1021,109,0,0
BRDA:1021,109,1,0
BRDA:1027,110,0,0
BRDA:1027,110,1,0
BRDA:1030,111,0,0
BRDA:1030,111,1,0
BRDA:1052,112,0,0
BRDA:1052,112,1,0
BRDA:1057,113,0,0
BRDA:1057,113,1,0
BRDA:1069,114,0,26
BRDA:1069,115,0,29
BRDA:1071,116,0,6
BRDA:1071,116,1,23
BRDA:1071,117,0,29
BRDA:1071,117,1,26
BRDA:1078,118,0,2
BRDA:1078,118,1,21
BRDA:1095,119,0,2
BRDA:1095,119,1,17
BRDA:1130,120,0,0
BRDA:1130,120,1,3
BRF:234
BRH:134
end_of_record
